2023-07-10 15:30:22,637 [INFO] Activator:176 - 


2023-07-10 15:30:22,639 [INFO] Activator:177 - !SESSION log4j initialized
2023-07-10 15:30:25,633 [INFO] LogOutputStream:77 - [STDOUT_REDIRECT] 
2023-07-10 15:30:29,423 [INFO] ApplicationProperties:184 - Using Application install path: C:\ST\STM32CubeIDE_1.12.1\STM32CubeIDE\plugins\com.st.stm32cube.common.mx_6.8.1.202304191431
2023-07-10 15:30:29,440 [INFO] DbMcusXml:78 - Set database path to: C:\ST\STM32CubeIDE_1.12.1\STM32CubeIDE\plugins\com.st.stm32cube.common.mx_6.8.1.202304191431\\db\/mcu/
2023-07-10 15:30:29,440 [INFO] ApiDb:274 - Set plugin database path to: C:\ST\STM32CubeIDE_1.12.1\STM32CubeIDE\plugins\com.st.stm32cube.common.mx_6.8.1.202304191431\\db\/plugins/boardmanager/
2023-07-10 15:30:29,444 [WARN] ApiDb:259 - Overriding images path with different value:  => C:\ST\STM32CubeIDE_1.12.1\STM32CubeIDE\plugins\com.st.stm32cube.common.mx_6.8.1.202304191431\\db\/plugins/mcufinder/images/
2023-07-10 15:30:29,456 [INFO] ApiDb:250 - Set database path to: C:\Users\Luviewer\.stmcufinder\plugins\mcufinder//mcu/
2023-07-10 15:30:29,458 [INFO] DbMcusAds:125 - Set database path to: C:\Users\Luviewer\.stmcufinder\plugins\mcufinder//mcu/
2023-07-10 15:30:29,460 [INFO] CrossReferenceDbSqlite:203 - Set database path to: C:\Users\Luviewer\.stmcufinder\plugins\mcufinder//mcu/cs/
2023-07-10 15:30:29,560 [INFO] RulesReader:64 - Compatibility file has been processed (293 Rules)
2023-07-10 15:30:29,652 [INFO] DbMcusXml:78 - Set database path to: C:\ST\STM32CubeIDE_1.12.1\STM32CubeIDE\plugins\com.st.stm32cube.common.mx_6.8.1.202304191431\\db\/mcu/
2023-07-10 15:30:29,652 [INFO] ApiDb:274 - Set plugin database path to: C:\ST\STM32CubeIDE_1.12.1\STM32CubeIDE\plugins\com.st.stm32cube.common.mx_6.8.1.202304191431\\db\/plugins/boardmanager/
2023-07-10 15:30:29,653 [INFO] ApiDb:261 - Set plugin images path to: C:\ST\STM32CubeIDE_1.12.1\STM32CubeIDE\plugins\com.st.stm32cube.common.mx_6.8.1.202304191431\\db\/plugins/mcufinder/images/
2023-07-10 15:30:29,653 [WARN] DbFile:41 - Overriding database path with different value: C:\Users\Luviewer\.stmcufinder\plugins\mcufinder/ => C:\Users\Luviewer\.stmcufinder\plugins\mcufinder
2023-07-10 15:30:29,653 [INFO] ApiDb:250 - Set database path to: C:\Users\Luviewer\.stmcufinder\plugins\mcufinder//mcu/
2023-07-10 15:30:29,653 [WARN] DbFile:41 - Overriding database path with different value: C:\Users\Luviewer\.stmcufinder\plugins\mcufinder/ => C:\Users\Luviewer\.stmcufinder\plugins\mcufinder
2023-07-10 15:30:29,653 [INFO] DbMcusAds:125 - Set database path to: C:\Users\Luviewer\.stmcufinder\plugins\mcufinder//mcu/
2023-07-10 15:30:29,653 [WARN] DbFile:41 - Overriding database path with different value: C:\Users\Luviewer\.stmcufinder\plugins\mcufinder/ => C:\Users\Luviewer\.stmcufinder\plugins\mcufinder
2023-07-10 15:30:29,653 [WARN] DbFile:41 - Overriding database path with different value: C:\Users\Luviewer\.stmcufinder\plugins\mcufinder/ => C:\Users\Luviewer\.stmcufinder\plugins\mcufinder
2023-07-10 15:30:29,654 [INFO] CrossReferenceDbSqlite:203 - Set database path to: C:\Users\Luviewer\.stmcufinder\plugins\mcufinder//mcu/cs/
2023-07-10 15:30:29,715 [INFO] MainPanel:253 - HeapMemory: 268435456
2023-07-10 15:30:29,822 [INFO] DbMcusXml:78 - Set database path to: C:\ST\STM32CubeIDE_1.12.1\STM32CubeIDE\plugins\com.st.stm32cube.common.mx_6.8.1.202304191431\\db\/mcu/
2023-07-10 15:30:29,822 [INFO] ApiDb:274 - Set plugin database path to: C:\ST\STM32CubeIDE_1.12.1\STM32CubeIDE\plugins\com.st.stm32cube.common.mx_6.8.1.202304191431\\db\/plugins/boardmanager/
2023-07-10 15:30:29,822 [INFO] ApiDb:261 - Set plugin images path to: C:\ST\STM32CubeIDE_1.12.1\STM32CubeIDE\plugins\com.st.stm32cube.common.mx_6.8.1.202304191431\\db\/plugins/mcufinder/images/
2023-07-10 15:30:29,822 [WARN] DbFile:41 - Overriding database path with different value: C:\Users\Luviewer\.stmcufinder\plugins\mcufinder/ => C:\Users\Luviewer\.stmcufinder\plugins\mcufinder
2023-07-10 15:30:29,823 [INFO] ApiDb:250 - Set database path to: C:\Users\Luviewer\.stmcufinder\plugins\mcufinder//mcu/
2023-07-10 15:30:29,823 [WARN] DbFile:41 - Overriding database path with different value: C:\Users\Luviewer\.stmcufinder\plugins\mcufinder/ => C:\Users\Luviewer\.stmcufinder\plugins\mcufinder
2023-07-10 15:30:29,823 [INFO] DbMcusAds:125 - Set database path to: C:\Users\Luviewer\.stmcufinder\plugins\mcufinder//mcu/
2023-07-10 15:30:29,823 [WARN] DbFile:41 - Overriding database path with different value: C:\Users\Luviewer\.stmcufinder\plugins\mcufinder/ => C:\Users\Luviewer\.stmcufinder\plugins\mcufinder
2023-07-10 15:30:29,823 [WARN] DbFile:41 - Overriding database path with different value: C:\Users\Luviewer\.stmcufinder\plugins\mcufinder/ => C:\Users\Luviewer\.stmcufinder\plugins\mcufinder
2023-07-10 15:30:29,823 [INFO] CrossReferenceDbSqlite:203 - Set database path to: C:\Users\Luviewer\.stmcufinder\plugins\mcufinder//mcu/cs/
2023-07-10 15:30:29,857 [INFO] ApplicationProperties:184 - Using Application install path: C:\ST\STM32CubeIDE_1.12.1\STM32CubeIDE\plugins\com.st.stm32cube.common.mx_6.8.1.202304191431
2023-07-10 15:30:29,860 [INFO] PluginManage:196 - Search for loadable plugins [exclusion list=, ]
2023-07-10 15:30:29,861 [INFO] PluginManage:310 - Check plugin analytics
2023-07-10 15:30:34,545 [INFO] AnalyticsPlugin:253 - Accepted Software Licenses: STM32CubeMX.6.8.1
2023-07-10 15:30:34,546 [INFO] AnalyticsPlugin:255 - Accepted CMSIS Pack Licenses: 
2023-07-10 15:30:34,546 [INFO] AnalyticsPlugin:257 - Accepted Firmware Licenses: FW.F4.1.27.0,FW.H7.1.11.0
2023-07-10 15:30:34,551 [INFO] PluginManage:359 - Loaded plugin analytics (category:tool,tabindex:-1)
2023-07-10 15:30:34,552 [INFO] PluginManage:310 - Check plugin cadmodel
2023-07-10 15:30:34,555 [INFO] CADModel:105 - Init CAD model plugin
2023-07-10 15:30:34,555 [INFO] PluginManage:359 - Loaded plugin cadmodel (category:power,tabindex:5)
2023-07-10 15:30:34,555 [INFO] PluginManage:310 - Check plugin clock
2023-07-10 15:30:34,564 [INFO] PluginManage:359 - Loaded plugin clock (category:base,tabindex:2)
2023-07-10 15:30:34,564 [INFO] PluginManage:310 - Check plugin ddr
2023-07-10 15:30:34,568 [INFO] PluginManage:359 - Loaded plugin ddr (category:tool,tabindex:6)
2023-07-10 15:30:34,568 [INFO] PluginManage:310 - Check plugin filemanager
2023-07-10 15:30:34,665 [INFO] PluginManage:359 - Loaded plugin filemanager (category:base,tabindex:10)
2023-07-10 15:30:34,665 [INFO] PluginManage:310 - Check plugin ipmanager
2023-07-10 15:30:34,673 [INFO] PluginManage:359 - Loaded plugin ipmanager (category:base,tabindex:5)
2023-07-10 15:30:34,673 [INFO] PluginManage:310 - Check plugin lpbam
2023-07-10 15:30:34,681 [INFO] PluginManage:359 - Loaded plugin lpbam (category:base,tabindex:0)
2023-07-10 15:30:34,681 [INFO] PluginManage:310 - Check plugin pinoutandconfiguration
2023-07-10 15:30:34,687 [INFO] PluginManage:359 - Loaded plugin pinoutandconfiguration (category:base,tabindex:1)
2023-07-10 15:30:34,687 [INFO] PluginManage:310 - Check plugin pinoutconfig
2023-07-10 15:30:34,735 [WARN] SupportedApi:132 - Cannot load RTOS API schema: s4s-elt-must-match.1: The content of 'definitions' must match (annotation?, (simpleType | complexType)?, (unique | key | keyref)*)). A problem was found starting at: attribute.
2023-07-10 15:30:34,856 [INFO] PluginManage:359 - Loaded plugin pinoutconfig (category:base,tabindex:0)
2023-07-10 15:30:34,856 [INFO] PluginManage:310 - Check plugin power
2023-07-10 15:30:34,862 [INFO] PluginManage:359 - Loaded plugin power (category:power,tabindex:4)
2023-07-10 15:30:34,862 [INFO] PluginManage:310 - Check plugin projectmanager
2023-07-10 15:30:34,875 [INFO] PluginManage:359 - Loaded plugin projectmanager (category:projectmanager,tabindex:3)
2023-07-10 15:30:34,875 [INFO] PluginManage:310 - Check plugin thirdparty
2023-07-10 15:30:34,971 [INFO] PluginManage:359 - Loaded plugin thirdparty (category:base,tabindex:-1)
2023-07-10 15:30:34,971 [INFO] PluginManage:310 - Check plugin tools
2023-07-10 15:30:34,971 [WARN] IntegrityCheckThread:84 - waiting for thirdparty lock release [integrity check]
2023-07-10 15:30:34,972 [INFO] IntegrityCheckThread:86 - entering critical section [integrity check]
2023-07-10 15:30:34,974 [INFO] PluginManage:359 - Loaded plugin tools (category:base,tabindex:7)
2023-07-10 15:30:34,974 [INFO] PluginManage:310 - Check plugin tutovideos
2023-07-10 15:30:34,974 [INFO] ThirdPartyUpdaterWithRetryManager:70 - Updater plugin not ready yet. [1/15]
2023-07-10 15:30:35,130 [INFO] PluginManage:359 - Loaded plugin tutovideos (category:base,tabindex:-1)
2023-07-10 15:30:35,130 [INFO] PluginManage:310 - Check plugin updater
2023-07-10 15:30:35,141 [INFO] PluginManage:359 - Loaded plugin updater (category:base,tabindex:12)
2023-07-10 15:30:35,142 [INFO] PluginManage:283 - PluginManage : Loaded plugins [15]
2023-07-10 15:30:35,362 [INFO] PinOutPanel:1499 - setPackage(No Configuration,No Configuration)
2023-07-10 15:30:35,420 [INFO] CADModel:165 - CPN selected for project level
2023-07-10 15:30:35,420 [INFO] CADModel:114 - Register for checkConnection events
2023-07-10 15:30:35,433 [INFO] IPUIPlugin:80 - create IPUIPlugin
2023-07-10 15:30:35,434 [INFO] PluginManager:220 - loadIPPluginJar : add adc
2023-07-10 15:30:35,437 [INFO] IPUIPlugin:80 - create IPUIPlugin
2023-07-10 15:30:35,437 [INFO] PluginManager:220 - loadIPPluginJar : add aes
2023-07-10 15:30:35,440 [INFO] IPUIPlugin:80 - create IPUIPlugin
2023-07-10 15:30:35,440 [INFO] PluginManager:220 - loadIPPluginJar : add can
2023-07-10 15:30:35,441 [INFO] IPUIPlugin:80 - create IPUIPlugin
2023-07-10 15:30:35,442 [INFO] PluginManager:220 - loadIPPluginJar : add comp
2023-07-10 15:30:35,444 [INFO] IPUIPlugin:80 - create IPUIPlugin
2023-07-10 15:30:35,444 [INFO] PluginManager:220 - loadIPPluginJar : add cryp
2023-07-10 15:30:35,447 [INFO] IPUIPlugin:80 - create IPUIPlugin
2023-07-10 15:30:35,447 [INFO] PluginManager:220 - loadIPPluginJar : add dfsdm
2023-07-10 15:30:35,452 [INFO] IPUIPlugin:80 - create IPUIPlugin
2023-07-10 15:30:35,452 [INFO] PluginManager:220 - loadIPPluginJar : add dma
2023-07-10 15:30:35,454 [INFO] IPUIPlugin:80 - create IPUIPlugin
2023-07-10 15:30:35,454 [INFO] PluginManager:220 - loadIPPluginJar : add dma3
2023-07-10 15:30:35,456 [INFO] IPUIPlugin:80 - create IPUIPlugin
2023-07-10 15:30:35,456 [INFO] PluginManager:220 - loadIPPluginJar : add fatfs
2023-07-10 15:30:35,460 [INFO] IPUIPlugin:80 - create IPUIPlugin
2023-07-10 15:30:35,460 [INFO] PluginManager:220 - loadIPPluginJar : add fmc
2023-07-10 15:30:35,466 [INFO] IPUIPlugin:80 - create IPUIPlugin
2023-07-10 15:30:35,466 [INFO] PluginManager:220 - loadIPPluginJar : add freertos
2023-07-10 15:30:35,468 [INFO] IPUIPlugin:80 - create IPUIPlugin
2023-07-10 15:30:35,468 [INFO] PluginManager:220 - loadIPPluginJar : add genericplugin
2023-07-10 15:30:35,470 [INFO] IPUIPlugin:80 - create IPUIPlugin
2023-07-10 15:30:35,470 [INFO] PluginManager:220 - loadIPPluginJar : add gfxmmu
2023-07-10 15:30:35,475 [INFO] IPUIPlugin:80 - create IPUIPlugin
2023-07-10 15:30:35,475 [INFO] PluginManager:220 - loadIPPluginJar : add gic
2023-07-10 15:30:35,481 [INFO] IPUIPlugin:80 - create IPUIPlugin
2023-07-10 15:30:35,481 [INFO] PluginManager:220 - loadIPPluginJar : add gpio
2023-07-10 15:30:35,485 [INFO] IPUIPlugin:80 - create IPUIPlugin
2023-07-10 15:30:35,485 [INFO] PluginManager:220 - loadIPPluginJar : add gtzc
2023-07-10 15:30:35,487 [INFO] IPUIPlugin:80 - create IPUIPlugin
2023-07-10 15:30:35,488 [INFO] PluginManager:220 - loadIPPluginJar : add hash
2023-07-10 15:30:35,490 [INFO] IPUIPlugin:80 - create IPUIPlugin
2023-07-10 15:30:35,490 [INFO] PluginManager:220 - loadIPPluginJar : add i2c
2023-07-10 15:30:35,492 [INFO] IPUIPlugin:80 - create IPUIPlugin
2023-07-10 15:30:35,492 [INFO] PluginManager:220 - loadIPPluginJar : add i2s
2023-07-10 15:30:35,494 [INFO] IPUIPlugin:80 - create IPUIPlugin
2023-07-10 15:30:35,494 [INFO] PluginManager:220 - loadIPPluginJar : add i3c
2023-07-10 15:30:35,498 [INFO] IPUIPlugin:80 - create IPUIPlugin
2023-07-10 15:30:35,498 [INFO] PluginManager:220 - loadIPPluginJar : add ipddr
2023-07-10 15:30:35,504 [INFO] IPUIPlugin:80 - create IPUIPlugin
2023-07-10 15:30:35,505 [INFO] PluginManager:220 - loadIPPluginJar : add linkedlist
2023-07-10 15:30:35,507 [INFO] IPUIPlugin:80 - create IPUIPlugin
2023-07-10 15:30:35,507 [INFO] PluginManager:220 - loadIPPluginJar : add lorawan
2023-07-10 15:30:35,508 [INFO] IPUIPlugin:80 - create IPUIPlugin
2023-07-10 15:30:35,508 [INFO] PluginManager:220 - loadIPPluginJar : add ltdc
2023-07-10 15:30:35,515 [INFO] IPUIPlugin:80 - create IPUIPlugin
2023-07-10 15:30:35,515 [INFO] PluginManager:220 - loadIPPluginJar : add mdma
2023-07-10 15:30:35,519 [INFO] IPUIPlugin:80 - create IPUIPlugin
2023-07-10 15:30:35,520 [INFO] PluginManager:220 - loadIPPluginJar : add nvic
2023-07-10 15:30:35,524 [INFO] IPUIPlugin:80 - create IPUIPlugin
2023-07-10 15:30:35,524 [INFO] PluginManager:220 - loadIPPluginJar : add opamp
2023-07-10 15:30:35,529 [INFO] IPUIPlugin:80 - create IPUIPlugin
2023-07-10 15:30:35,530 [INFO] PluginManager:220 - loadIPPluginJar : add openamp
2023-07-10 15:30:35,533 [INFO] IPUIPlugin:80 - create IPUIPlugin
2023-07-10 15:30:35,533 [INFO] PluginManager:220 - loadIPPluginJar : add pdm2pcm
2023-07-10 15:30:35,540 [INFO] IPUIPlugin:80 - create IPUIPlugin
2023-07-10 15:30:35,543 [INFO] PluginManager:220 - loadIPPluginJar : add plateformsettings
2023-07-10 15:30:35,544 [INFO] IPUIPlugin:80 - create IPUIPlugin
2023-07-10 15:30:35,544 [INFO] PluginManager:220 - loadIPPluginJar : add quadspi
2023-07-10 15:30:35,547 [INFO] IPUIPlugin:80 - create IPUIPlugin
2023-07-10 15:30:35,547 [INFO] PluginManager:220 - loadIPPluginJar : add resmgrutility
2023-07-10 15:30:35,549 [INFO] IPUIPlugin:80 - create IPUIPlugin
2023-07-10 15:30:35,549 [INFO] PluginManager:220 - loadIPPluginJar : add sai
2023-07-10 15:30:35,551 [INFO] IPUIPlugin:80 - create IPUIPlugin
2023-07-10 15:30:35,551 [INFO] PluginManager:220 - loadIPPluginJar : add spi
2023-07-10 15:30:35,556 [INFO] IPUIPlugin:80 - create IPUIPlugin
2023-07-10 15:30:35,556 [INFO] PluginManager:220 - loadIPPluginJar : add stm32_wpan
2023-07-10 15:30:35,558 [INFO] IPUIPlugin:80 - create IPUIPlugin
2023-07-10 15:30:35,558 [INFO] PluginManager:220 - loadIPPluginJar : add tim
2023-07-10 15:30:35,561 [INFO] IPUIPlugin:80 - create IPUIPlugin
2023-07-10 15:30:35,561 [INFO] PluginManager:220 - loadIPPluginJar : add touchsensing
2023-07-10 15:30:35,563 [INFO] IPUIPlugin:80 - create IPUIPlugin
2023-07-10 15:30:35,563 [INFO] PluginManager:220 - loadIPPluginJar : add tracer_emb
2023-07-10 15:30:35,565 [INFO] IPUIPlugin:80 - create IPUIPlugin
2023-07-10 15:30:35,565 [INFO] PluginManager:220 - loadIPPluginJar : add ts
2023-07-10 15:30:35,566 [INFO] IPUIPlugin:80 - create IPUIPlugin
2023-07-10 15:30:35,566 [INFO] PluginManager:220 - loadIPPluginJar : add tsc
2023-07-10 15:30:35,569 [INFO] IPUIPlugin:80 - create IPUIPlugin
2023-07-10 15:30:35,569 [INFO] PluginManager:220 - loadIPPluginJar : add ucpd
2023-07-10 15:30:35,572 [INFO] IPUIPlugin:80 - create IPUIPlugin
2023-07-10 15:30:35,572 [INFO] PluginManager:220 - loadIPPluginJar : add usart
2023-07-10 15:30:35,575 [INFO] IPUIPlugin:80 - create IPUIPlugin
2023-07-10 15:30:35,576 [INFO] PluginManager:220 - loadIPPluginJar : add usbx
2023-07-10 15:30:35,698 [INFO] CADModel:165 - CPN selected for project level
2023-07-10 15:30:35,698 [INFO] CADModel:114 - Register for checkConnection events
2023-07-10 15:30:35,699 [FATAL] Updater:308 - Updater called before beeing initialized
2023-07-10 15:30:35,699 [ERROR] CADModel:125 - Updater not yet initialized, retry later 
2023-07-10 15:30:35,814 [INFO] CADModel:165 - CPN selected for project level
2023-07-10 15:30:35,814 [INFO] CADModel:114 - Register for checkConnection events
2023-07-10 15:30:35,814 [FATAL] Updater:308 - Updater called before beeing initialized
2023-07-10 15:30:35,814 [ERROR] CADModel:125 - Updater not yet initialized, retry later 
2023-07-10 15:30:35,817 [FATAL] Updater:308 - Updater called before beeing initialized
2023-07-10 15:30:35,909 [FATAL] Updater:308 - Updater called before beeing initialized
2023-07-10 15:30:35,915 [INFO] DbMcusAds:53 - JSON generation date=Tue Mar 07 16:50:55 CST 2023 (1678179055335)
2023-07-10 15:30:35,915 [FATAL] Updater:308 - Updater called before beeing initialized
2023-07-10 15:30:35,949 [WARN] DetailPanel:346 - Failed to get advertising image, set to default
2023-07-10 15:30:36,046 [FATAL] Updater:308 - Updater called before beeing initialized
2023-07-10 15:30:36,048 [FATAL] Updater:308 - Updater called before beeing initialized
2023-07-10 15:30:36,048 [FATAL] Updater:308 - Updater called before beeing initialized
2023-07-10 15:30:36,048 [WARN] DetailPanel:346 - Failed to get advertising image, set to default
2023-07-10 15:30:36,049 [FATAL] Updater:308 - Updater called before beeing initialized
2023-07-10 15:30:36,086 [ERROR] Updater:1120 - MainUpdater not yet initialized. External WinMGr cannot be set.
2023-07-10 15:30:36,089 [INFO] Updater:1056 - Updater Version found : 6.8.1
2023-07-10 15:30:36,102 [INFO] ApplicationProperties:184 - Using Application install path: C:\ST\STM32CubeIDE_1.12.1\STM32CubeIDE\plugins\com.st.stm32cube.common.mx_6.8.1.202304191431
2023-07-10 15:30:36,404 [INFO] MainUpdater:2854 - connection check result : 10
2023-07-10 15:30:36,405 [INFO] MainUpdater:283 - Updater Check For Update Now.
2023-07-10 15:30:36,405 [INFO] MicroXplorer:498 - Change Database Version : DB.6.0.81
2023-07-10 15:30:36,571 [INFO] CheckServerUpdateThread:120 - End of CheckServer Thread
2023-07-10 15:30:36,629 [INFO] MainUpdater:2854 - connection check result : 10
2023-07-10 15:30:36,921 [INFO] ApiDb:581 - Connected to CubeFinder SQLite database (C:\Users\Luviewer\.stmcufinder\plugins\mcufinder\mcu\cube-finder-db.db)
2023-07-10 15:30:36,977 [INFO] ApiDb:668 - CubeFinder database Data Model version=2.1
2023-07-10 15:30:36,977 [INFO] ApiDb:669 - CubeFinder database Configuration version=3.0.35
2023-07-10 15:30:36,978 [INFO] ApiDb:670 - CubeFinder database generation date=2023-05-12 (1683877179)
2023-07-10 15:30:36,978 [INFO] ApiDb:671 - CubeFinder database FW Pack versions=[FP-ATR-ASTRA1_V2.0.0, FP-SNS-FLIGHT1_V5.0.0, FP-SNS-MOTENV1_V4.3.0, STM32Cube_FW_C0_V1.0.1, STM32Cube_FW_F0_V1.11.4, STM32Cube_FW_F3_V1.11.4, STM32Cube_FW_F4_V1.27.1, STM32Cube_FW_F7_V1.17.0, STM32Cube_FW_G0_V1.6.1, STM32Cube_FW_G4_V1.5.1, STM32Cube_FW_H5_V0.5.1, STM32Cube_FW_H5_V1.0.0, STM32Cube_FW_H7_V1.11.0, STM32Cube_FW_L0_V1.12.2, STM32Cube_FW_L5_V1.5.0, STM32Cube_FW_U5_V1.2.0, STM32Cube_FW_WBA_V1.0.0, STM32Cube_FW_WBA_V1.0.0RC1, STM32Cube_FW_WBA_V1.0.0RC3, STM32Cube_FW_WB_V1.15.0RC1, STM32Cube_FW_WB_V1.16.0, STM32Cube_FW_WB_V1.16.0RC2, STM32Cube_FW_WL_V1.3.0, X-CUBE-ALGOBUILD_V1.3.0, X-CUBE-ALS_V1.0.1, X-CUBE-AZRTOS-F4_V1.1.0, X-CUBE-AZRTOS-F7_V1.1.0, X-CUBE-AZRTOS-G0_V1.1.0, X-CUBE-AZRTOS-G4_V2.0.0, X-CUBE-AZRTOS-H7_V3.1.0, X-CUBE-AZRTOS-L4_V1.0.0, X-CUBE-AZRTOS-L5_V1.1.0, X-CUBE-AZRTOS-WB_V1.1.0, X-CUBE-AZRTOS-WL_V1.0.0, X-CUBE-BLE1_V6.2.4, X-CUBE-BLE2_V3.3.0, X-CUBE-BLEMGR_V2.0.0, X-CUBE-EEPRMA1_V4.1.0, X-CUBE-FREERTOS_V1.0.1, X-CUBE-GNSS1_V6.0.0, X-CUBE-MEMS1_V9.1.0, X-CUBE-MEMS1_V9.4.0, X-CUBE-MEMS1_V9.6.0, X-CUBE-NFC4_V3.0.0, X-CUBE-NFC7_V1.0.0, X-CUBE-SFXS2LP1_V4.0.0, X-CUBE-SUBG2_V5.0.0]
2023-07-10 15:30:37,041 [INFO] DbBoardsSqlite:226 - include board P-NUCLEO-WB55-NUCLEO as a kit item of type 'Nucleo-64'
2023-07-10 15:30:37,042 [INFO] DbBoardsSqlite:226 - include board P-NUCLEO-WB55-USBDONGLE as a kit item of type 'Nucleo USB Dongle'
2023-07-10 15:30:37,042 [INFO] DbBoardsSqlite:226 - include board STEVAL-IDP005V1 as a kit item of type 'Evaluation Board'
2023-07-10 15:30:37,042 [INFO] DbBoardsSqlite:226 - include board STEVAL-IDP005V2 as a kit item of type 'Evaluation Board'
2023-07-10 15:30:37,087 [INFO] ApiDb:240 - Found 297 in-development CPN: [B-G473E-ZEST1S, B-WB1M-WPAN1, B-WL5M-SUBG1, NUCLEO-C031C6, NUCLEO-H503RB, NUCLEO-H563ZI, NUCLEO-U545RE-Q, NUCLEO-U5A5ZJ-Q, NUCLEO-WBA52CG, STEVAL-PROTEUS1, STEVAL-STWINBX1, STM320518-EVAL, STM32C0116-DK, STM32C011D6Y3TR, STM32C011D6Y6TR, STM32C011F4P3, STM32C011F4P6, STM32C011F4U3, STM32C011F4U6TR, STM32C011F6P3, STM32C011F6P6, STM32C011F6U3, STM32C011F6U6TR, STM32C011J4M3, STM32C011J4M6, STM32C011J6M3, STM32C011J6M6, STM32C0316-DK, STM32C031C4T3, STM32C031C4T6, STM32C031C4U3, STM32C031C4U6, STM32C031C6T3, STM32C031C6T6, STM32C031C6U3, STM32C031C6U6, STM32C031F4P3, STM32C031F4P6, STM32C031F6P3, STM32C031F6P6, STM32C031G4U3, STM32C031G4U6, STM32C031G6U3, STM32C031G6U6, STM32C031K4T3, STM32C031K4T6, STM32C031K4U3, STM32C031K4U6, STM32C031K6T3, STM32C031K6T6, STM32C031K6U3, STM32C031K6U6, STM32G071K8TXN, STM32G071K8UXN, STM32G081GBU6N, STM32G081KBT6N, STM32G081KBUXN, STM32G0B1CCT6N, STM32G0B1KCT6, STM32G0B1NEY6TR, STM32G0B1RCT6N, STM32G0C1CCT6, STM32G0C1CCT6N, STM32G0C1CCU6N, STM32G0C1CET6N, STM32G0C1CEU6N, STM32G0C1KCT6, STM32G0C1NEY6TR, STM32G0C1RCI6N, STM32G0C1RCT6N, STM32G0C1REI6N, STM32G0C1RET6N, STM32G0C1VCI6, STM32G0C1VEI6, STM32G471CCT6, STM32G471CCU6, STM32G471CET3, STM32G471CET6, STM32G471CEU3, STM32G471CEU6, STM32G471MCT6, STM32G471MET3, STM32G471MET6, STM32G471MEY6TR, STM32G471QCT6, STM32G471QET3, STM32G471RCT6, STM32G471RET3, STM32G471RET6, STM32G471VCH6, STM32G471VCI6, STM32G471VCT6, STM32G471VEH3, STM32G471VEH6, STM32G471VEI3, STM32G471VEI6, STM32G471VET3, STM32G471VET6, STM32G474CCT6, STM32H503CBT6, STM32H503CBU6, STM32H503EBY6TR, STM32H503KBU6, STM32H503RBT6, STM32H562AGI6, STM32H562AII6, STM32H562IGK6, STM32H562IGT6, STM32H562IIK6, STM32H562IIT6, STM32H562RGT6, STM32H562RGV6, STM32H562RIT6, STM32H562RIV6, STM32H562VGT6, STM32H562VIT6, STM32H562ZGT6, STM32H562ZIT6, STM32H563AGI6, STM32H563AII3Q, STM32H563AII6, STM32H563IGK6, STM32H563IGT6, STM32H563IIK3Q, STM32H563IIK6, STM32H563IIT3Q, STM32H563IIT6, STM32H563MIY3QTR, STM32H563RGT6, STM32H563RGV6, STM32H563RIT6, STM32H563RIV6, STM32H563VGT6, STM32H563VIT3Q, STM32H563VIT6, STM32H563ZGT6, STM32H563ZIT3Q, STM32H563ZIT6, STM32H573AII3Q, STM32H573AII6, STM32H573I-DK, STM32H573IIK3Q, STM32H573IIK6, STM32H573IIT3Q, STM32H573IIT6, STM32H573MIY3QTR, STM32H573RIT6, STM32H573RIV6, STM32H573VIT3Q, STM32H573VIT6, STM32H573ZIT3Q, STM32H573ZIT6, STM32L4R5QGI6STR, STM32MP131AAE3, STM32MP131AAF3, STM32MP131AAG3, STM32MP131CAE3, STM32MP131CAF3, STM32MP131CAG3, STM32MP131DAE7, STM32MP131DAF7, STM32MP131DAG7, STM32MP131FAE7, STM32MP131FAF7, STM32MP131FAG7, STM32MP133AAE3, STM32MP133AAF3, STM32MP133AAG3, STM32MP133CAE3, STM32MP133CAF3, STM32MP133CAG3, STM32MP133DAE7, STM32MP133DAF7, STM32MP133DAG7, STM32MP133FAE7, STM32MP133FAF7, STM32MP133FAG7, STM32MP135AAE3, STM32MP135AAF3, STM32MP135AAG3, STM32MP135CAE3, STM32MP135CAF3, STM32MP135CAG3, STM32MP135DAE7, STM32MP135DAF7, STM32MP135DAG7, STM32MP135F-DK, STM32MP135FAE7, STM32MP135FAF7, STM32MP135FAF7T, STM32MP135FAF7U, STM32MP135FAG7, STM32U535CBT6, STM32U535CBT6Q, STM32U535CBU6, STM32U535CBU6Q, STM32U535CCT6, STM32U535CCT6Q, STM32U535CCU6, STM32U535CCU6Q, STM32U535CET6, STM32U535CET6Q, STM32U535CEU6, STM32U535CEU6Q, STM32U535JEY6QTR, STM32U535NCY6QTR, STM32U535NEY6QTR, STM32U535RBI6, STM32U535RBI6Q, STM32U535RBT6, STM32U535RBT6Q, STM32U535RCI6, STM32U535RCI6Q, STM32U535RCT6, STM32U535RCT6Q, STM32U535REI6, STM32U535REI6Q, STM32U535RET6, STM32U535RET6Q, STM32U535VCI6, STM32U535VCI6Q, STM32U535VCT6, STM32U535VCT6Q, STM32U535VEI6, STM32U535VEI6Q, STM32U535VET6, STM32U535VET6Q, STM32U545CET6, STM32U545CET6Q, STM32U545CEU6, STM32U545CEU6Q, STM32U545JEY6QTR, STM32U545NEY6QTR, STM32U545REI6, STM32U545REI6Q, STM32U545RET6, STM32U545RET6Q, STM32U545VEI6, STM32U545VEI6Q, STM32U545VET6, STM32U545VET6Q, STM32U595AIH6, STM32U595AIH6Q, STM32U595AJH6, STM32U595AJH6Q, STM32U595QII6, STM32U595QII6Q, STM32U595QJI6, STM32U595QJI6Q, STM32U595RIT6, STM32U595RIT6Q, STM32U595RJT6, STM32U595RJT6Q, STM32U595VIT6, STM32U595VIT6Q, STM32U595VJT6, STM32U595VJT6Q, STM32U595ZIT6, STM32U595ZIT6Q, STM32U595ZIY6QTR, STM32U595ZJT6, STM32U595ZJT6Q, STM32U595ZJY6QTR, STM32U599BJY6QTR, STM32U599NIH6Q, STM32U599NJH6Q, STM32U599VIT6Q, STM32U599VJT6, STM32U599VJT6Q, STM32U599ZIT6Q, STM32U599ZIY6QTR, STM32U599ZJT6Q, STM32U599ZJY6QTR, STM32U5A5AJH6, STM32U5A5AJH6Q, STM32U5A5QJI6, STM32U5A5QJI6Q, STM32U5A5RJT6, STM32U5A5RJT6Q, STM32U5A5VJT6, STM32U5A5VJT6Q, STM32U5A5ZJT6, STM32U5A5ZJT6Q, STM32U5A5ZJY6QTR, STM32U5A9BJY6QTR, STM32U5A9J-DK, STM32U5A9NJH6Q, STM32U5A9VJT6Q, STM32U5A9ZJT6Q, STM32U5A9ZJY6QTR, STM32WB1MMCH6, STM32WBA52CEU6, STM32WBA52CEU6T, STM32WBA52CGU6, STM32WBA52CGU6T, STM32WL5MOCH6, STM32WL5MOCH6TR]
2023-07-10 15:30:37,249 [INFO] BoardInfo:880 - No configuration file found for board P-NUCLEO-WB55
2023-07-10 15:30:37,250 [INFO] DbBoards:157 - Kit is not supported: P-NUCLEO-WB55
2023-07-10 15:30:37,254 [INFO] BoardInfo:880 - No configuration file found for board STEVAL-BFA001V1B
2023-07-10 15:30:37,254 [INFO] DbBoards:157 - Kit is not supported: STEVAL-BFA001V1B
2023-07-10 15:30:37,255 [INFO] BoardInfo:880 - No configuration file found for board STEVAL-BFA001V2B
2023-07-10 15:30:37,255 [INFO] DbBoards:157 - Kit is not supported: STEVAL-BFA001V2B
2023-07-10 15:30:37,358 [INFO] DbBoards:161 - Found 187 boards, 184 are supported
2023-07-10 15:30:37,362 [INFO] ApiDb:668 - CubeFinder database Data Model version=2.1
2023-07-10 15:30:37,362 [INFO] ApiDb:669 - CubeFinder database Configuration version=3.0.35
2023-07-10 15:30:37,362 [INFO] ApiDb:670 - CubeFinder database generation date=2023-05-12 (1683877179)
2023-07-10 15:30:37,362 [INFO] ApiDb:671 - CubeFinder database FW Pack versions=[FP-ATR-ASTRA1_V2.0.0, FP-SNS-FLIGHT1_V5.0.0, FP-SNS-MOTENV1_V4.3.0, STM32Cube_FW_C0_V1.0.1, STM32Cube_FW_F0_V1.11.4, STM32Cube_FW_F3_V1.11.4, STM32Cube_FW_F4_V1.27.1, STM32Cube_FW_F7_V1.17.0, STM32Cube_FW_G0_V1.6.1, STM32Cube_FW_G4_V1.5.1, STM32Cube_FW_H5_V0.5.1, STM32Cube_FW_H5_V1.0.0, STM32Cube_FW_H7_V1.11.0, STM32Cube_FW_L0_V1.12.2, STM32Cube_FW_L5_V1.5.0, STM32Cube_FW_U5_V1.2.0, STM32Cube_FW_WBA_V1.0.0, STM32Cube_FW_WBA_V1.0.0RC1, STM32Cube_FW_WBA_V1.0.0RC3, STM32Cube_FW_WB_V1.15.0RC1, STM32Cube_FW_WB_V1.16.0, STM32Cube_FW_WB_V1.16.0RC2, STM32Cube_FW_WL_V1.3.0, X-CUBE-ALGOBUILD_V1.3.0, X-CUBE-ALS_V1.0.1, X-CUBE-AZRTOS-F4_V1.1.0, X-CUBE-AZRTOS-F7_V1.1.0, X-CUBE-AZRTOS-G0_V1.1.0, X-CUBE-AZRTOS-G4_V2.0.0, X-CUBE-AZRTOS-H7_V3.1.0, X-CUBE-AZRTOS-L4_V1.0.0, X-CUBE-AZRTOS-L5_V1.1.0, X-CUBE-AZRTOS-WB_V1.1.0, X-CUBE-AZRTOS-WL_V1.0.0, X-CUBE-BLE1_V6.2.4, X-CUBE-BLE2_V3.3.0, X-CUBE-BLEMGR_V2.0.0, X-CUBE-EEPRMA1_V4.1.0, X-CUBE-FREERTOS_V1.0.1, X-CUBE-GNSS1_V6.0.0, X-CUBE-MEMS1_V9.1.0, X-CUBE-MEMS1_V9.4.0, X-CUBE-MEMS1_V9.6.0, X-CUBE-NFC4_V3.0.0, X-CUBE-NFC7_V1.0.0, X-CUBE-SFXS2LP1_V4.0.0, X-CUBE-SUBG2_V5.0.0]
2023-07-10 15:30:38,105 [WARN] PackLoader:240 - Cannot read IP mode file for STMicroelectronics.X-CUBE-SMBUS.2.1.0
2023-07-10 15:30:38,134 [WARN] PackLoader:240 - Cannot read IP mode file for STMicroelectronics.X-CUBE-AZRTOS-F7.1.1.0
2023-07-10 15:30:38,144 [WARN] PackLoader:240 - Cannot read IP mode file for STMicroelectronics.FP-SNS-MOTENV1.4.3.2
2023-07-10 15:30:38,152 [WARN] PackLoader:240 - Cannot read IP mode file for STMicroelectronics.FP-SNS-FLIGHT1.5.0.1
2023-07-10 15:30:38,161 [WARN] PackLoader:240 - Cannot read IP mode file for STMicroelectronics.X-CUBE-BLE1.6.2.4
2023-07-10 15:30:38,170 [WARN] PackLoader:240 - Cannot read IP mode file for STMicroelectronics.X-CUBE-DISPLAY.3.0.0
2023-07-10 15:30:38,182 [WARN] PackLoader:240 - Cannot read IP mode file for STMicroelectronics.X-CUBE-TOUCHGFX.4.22.0
2023-07-10 15:30:38,201 [INFO] LogOutputStream:77 - [STDOUT_REDIRECT] 1 : Invalid condition id : UX_CORESTACK_Condition cause : null
2023-07-10 15:30:38,202 [INFO] LogOutputStream:77 - [STDOUT_REDIRECT] 1 : Invalid condition id : UX_CORESTACK_Condition cause : null
2023-07-10 15:30:38,203 [INFO] LogOutputStream:77 - [STDOUT_REDIRECT] 1 : Invalid condition id : UX_CORESTACK_Condition cause : null
2023-07-10 15:30:38,205 [INFO] LogOutputStream:77 - [STDOUT_REDIRECT] 1 : Invalid condition id : UX_CORESTACK_Condition cause : null
2023-07-10 15:30:38,206 [INFO] LogOutputStream:77 - [STDOUT_REDIRECT] 1 : Invalid condition id : UX_CORESTACK_Condition cause : null
2023-07-10 15:30:38,212 [WARN] PackLoader:240 - Cannot read IP mode file for STMicroelectronics.X-CUBE-AZRTOS-WL.2.0.0
2023-07-10 15:30:38,226 [WARN] PackLoader:240 - Cannot read IP mode file for WES.I-CUBE-Cesium.1.3.0
2023-07-10 15:30:38,233 [WARN] PackLoader:240 - Cannot read IP mode file for STMicroelectronics.X-CUBE-BLE2.3.3.0
2023-07-10 15:30:38,241 [WARN] PackLoader:240 - Cannot read IP mode file for STMicroelectronics.X-CUBE-ALGOBUILD.1.3.0
2023-07-10 15:30:38,261 [WARN] PackLoader:240 - Cannot read IP mode file for STMicroelectronics.X-CUBE-AZRTOS-G0.1.1.0
2023-07-10 15:30:38,271 [WARN] PackLoader:240 - Cannot read IP mode file for STMicroelectronics.X-CUBE-NFC4.3.0.0
2023-07-10 15:30:38,279 [WARN] PackLoader:240 - Cannot read IP mode file for STMicroelectronics.FP-ATR-SIGFOX1.3.2.0
2023-07-10 15:30:38,328 [WARN] PackLoader:240 - Cannot read IP mode file for SEGGER.I-CUBE-embOS.1.3.1
2023-07-10 15:30:38,376 [WARN] PackLoader:240 - Cannot read IP mode file for STMicroelectronics.X-CUBE-GNSS1.6.0.0
2023-07-10 15:30:38,396 [WARN] PackLoader:240 - Cannot read IP mode file for STMicroelectronics.X-CUBE-AZRTOS-F4.1.1.0
2023-07-10 15:30:38,403 [WARN] PackLoader:240 - Cannot read IP mode file for wolfSSL.I-CUBE-wolfSSL.5.6.0
2023-07-10 15:30:38,445 [WARN] PackLoader:240 - Cannot read IP mode file for STMicroelectronics.X-CUBE-MEMS1.9.6.0
2023-07-10 15:30:38,598 [WARN] PackLoader:240 - Cannot read IP mode file for emotas.I-CUBE-CANOPEN.1.1.3
2023-07-10 15:30:38,605 [WARN] PackLoader:240 - Cannot read IP mode file for STMicroelectronics.X-CUBE-BLEMGR.2.0.0
2023-07-10 15:30:38,622 [WARN] ConditionMgr:438 - getConditionDescription Invalid condition id : UX DEVICE CLASS RTOS Condition cause : null
2023-07-10 15:30:38,622 [WARN] ConditionMgr:438 - getConditionDescription Invalid condition id : UX DEVICE CLASS RTOS Condition cause : null
2023-07-10 15:30:38,627 [WARN] PackLoader:240 - Cannot read IP mode file for STMicroelectronics.X-CUBE-AZRTOS-H7.3.1.0
2023-07-10 15:30:38,628 [WARN] ConditionMgr:1039 - genDependencies : Invalid condition id : UX DEVICE CLASS RTOS Condition cause : null
2023-07-10 15:30:38,628 [WARN] ConditionMgr:1039 - genDependencies : Invalid condition id : UX DEVICE CLASS RTOS Condition cause : null
2023-07-10 15:30:38,629 [WARN] ConditionMgr:1039 - genDependencies : Invalid condition id : UX DEVICE CLASS RTOS Condition cause : null
2023-07-10 15:30:38,629 [WARN] ConditionMgr:1039 - genDependencies : Invalid condition id : UX DEVICE CLASS RTOS Condition cause : null
2023-07-10 15:30:38,629 [WARN] ConditionMgr:1039 - genDependencies : Invalid condition id : UX DEVICE CLASS RTOS Condition cause : null
2023-07-10 15:30:38,636 [WARN] PackLoader:240 - Cannot read IP mode file for STMicroelectronics.X-CUBE-NFC7.1.0.1
2023-07-10 15:30:38,641 [WARN] PackLoader:240 - Cannot read IP mode file for STMicroelectronics.X-CUBE-EEPRMA1.4.1.0
2023-07-10 15:30:38,663 [WARN] ConditionMgr:438 - getConditionDescription Invalid condition id : LAN8742 Phy interface Condition cause : null
2023-07-10 15:30:38,663 [WARN] PackLoader:240 - Cannot read IP mode file for STMicroelectronics.X-CUBE-AZRTOS-L4.2.0.0
2023-07-10 15:30:38,664 [WARN] ConditionMgr:1039 - genDependencies : Invalid condition id : LAN8742 Phy interface Condition cause : null
2023-07-10 15:30:38,665 [WARN] ConditionMgr:1039 - genDependencies : Invalid condition id : LAN8742 Phy interface Condition cause : null
2023-07-10 15:30:38,665 [WARN] ConditionMgr:1039 - genDependencies : Invalid condition id : LAN8742 Phy interface Condition cause : null
2023-07-10 15:30:38,671 [WARN] PackLoader:240 - Cannot read IP mode file for STMicroelectronics.X-CUBE-SFXS2LP1.4.0.0
2023-07-10 15:30:38,675 [WARN] PackLoader:240 - Cannot read IP mode file for STMicroelectronics.X-CUBE-ISPU.1.1.0
2023-07-10 15:30:38,680 [WARN] PackLoader:240 - Cannot read IP mode file for STMicroelectronics.X-CUBE-FREERTOS.1.0.1
2023-07-10 15:30:38,699 [WARN] PackLoader:240 - Cannot read IP mode file for STMicroelectronics.X-CUBE-AZRTOS-L5.1.1.0
2023-07-10 15:30:38,706 [WARN] PackLoader:240 - Cannot read IP mode file for STMicroelectronics.X-CUBE-AI.8.0.1
2023-07-10 15:30:38,714 [WARN] PackLoader:240 - Cannot read IP mode file for STMicroelectronics.X-CUBE-SUBG2.5.0.0
2023-07-10 15:30:38,733 [WARN] PackLoader:240 - Cannot read IP mode file for STMicroelectronics.X-CUBE-AZRTOS-G4.2.0.0
2023-07-10 15:30:38,742 [WARN] PackLoader:240 - Cannot read IP mode file for STMicroelectronics.X-CUBE-TOF1.3.3.0
2023-07-10 15:30:38,753 [WARN] PackLoader:240 - Cannot read IP mode file for portGmbH.I-Cube-SoM-uGOAL.1.1.0
2023-07-10 15:30:38,758 [WARN] PackLoader:240 - Cannot read IP mode file for STMicroelectronics.X-CUBE-ALS.1.0.1
2023-07-10 15:30:38,769 [WARN] PackLoader:240 - Cannot read IP mode file for STMicroelectronics.X-CUBE-AZRTOS-WB.1.1.0
2023-07-10 15:30:38,774 [WARN] PackLoader:240 - Cannot read IP mode file for STMicroelectronics.FP-ATR-ASTRA1.2.0.0
2023-07-10 15:30:38,774 [INFO] ThirdParty:978 - Integrity check success = true
2023-07-10 15:30:38,775 [INFO] IntegrityCheckThread:100 - exiting critical section [integrity check]
2023-07-10 15:30:38,775 [INFO] IntegrityCheckThread:103 - End integrity checks thread
2023-07-10 15:30:39,058 [INFO] ApiDb:240 - Found 297 in-development CPN: [B-G473E-ZEST1S, B-WB1M-WPAN1, B-WL5M-SUBG1, NUCLEO-C031C6, NUCLEO-H503RB, NUCLEO-H563ZI, NUCLEO-U545RE-Q, NUCLEO-U5A5ZJ-Q, NUCLEO-WBA52CG, STEVAL-PROTEUS1, STEVAL-STWINBX1, STM320518-EVAL, STM32C0116-DK, STM32C011D6Y3TR, STM32C011D6Y6TR, STM32C011F4P3, STM32C011F4P6, STM32C011F4U3, STM32C011F4U6TR, STM32C011F6P3, STM32C011F6P6, STM32C011F6U3, STM32C011F6U6TR, STM32C011J4M3, STM32C011J4M6, STM32C011J6M3, STM32C011J6M6, STM32C0316-DK, STM32C031C4T3, STM32C031C4T6, STM32C031C4U3, STM32C031C4U6, STM32C031C6T3, STM32C031C6T6, STM32C031C6U3, STM32C031C6U6, STM32C031F4P3, STM32C031F4P6, STM32C031F6P3, STM32C031F6P6, STM32C031G4U3, STM32C031G4U6, STM32C031G6U3, STM32C031G6U6, STM32C031K4T3, STM32C031K4T6, STM32C031K4U3, STM32C031K4U6, STM32C031K6T3, STM32C031K6T6, STM32C031K6U3, STM32C031K6U6, STM32G071K8TXN, STM32G071K8UXN, STM32G081GBU6N, STM32G081KBT6N, STM32G081KBUXN, STM32G0B1CCT6N, STM32G0B1KCT6, STM32G0B1NEY6TR, STM32G0B1RCT6N, STM32G0C1CCT6, STM32G0C1CCT6N, STM32G0C1CCU6N, STM32G0C1CET6N, STM32G0C1CEU6N, STM32G0C1KCT6, STM32G0C1NEY6TR, STM32G0C1RCI6N, STM32G0C1RCT6N, STM32G0C1REI6N, STM32G0C1RET6N, STM32G0C1VCI6, STM32G0C1VEI6, STM32G471CCT6, STM32G471CCU6, STM32G471CET3, STM32G471CET6, STM32G471CEU3, STM32G471CEU6, STM32G471MCT6, STM32G471MET3, STM32G471MET6, STM32G471MEY6TR, STM32G471QCT6, STM32G471QET3, STM32G471RCT6, STM32G471RET3, STM32G471RET6, STM32G471VCH6, STM32G471VCI6, STM32G471VCT6, STM32G471VEH3, STM32G471VEH6, STM32G471VEI3, STM32G471VEI6, STM32G471VET3, STM32G471VET6, STM32G474CCT6, STM32H503CBT6, STM32H503CBU6, STM32H503EBY6TR, STM32H503KBU6, STM32H503RBT6, STM32H562AGI6, STM32H562AII6, STM32H562IGK6, STM32H562IGT6, STM32H562IIK6, STM32H562IIT6, STM32H562RGT6, STM32H562RGV6, STM32H562RIT6, STM32H562RIV6, STM32H562VGT6, STM32H562VIT6, STM32H562ZGT6, STM32H562ZIT6, STM32H563AGI6, STM32H563AII3Q, STM32H563AII6, STM32H563IGK6, STM32H563IGT6, STM32H563IIK3Q, STM32H563IIK6, STM32H563IIT3Q, STM32H563IIT6, STM32H563MIY3QTR, STM32H563RGT6, STM32H563RGV6, STM32H563RIT6, STM32H563RIV6, STM32H563VGT6, STM32H563VIT3Q, STM32H563VIT6, STM32H563ZGT6, STM32H563ZIT3Q, STM32H563ZIT6, STM32H573AII3Q, STM32H573AII6, STM32H573I-DK, STM32H573IIK3Q, STM32H573IIK6, STM32H573IIT3Q, STM32H573IIT6, STM32H573MIY3QTR, STM32H573RIT6, STM32H573RIV6, STM32H573VIT3Q, STM32H573VIT6, STM32H573ZIT3Q, STM32H573ZIT6, STM32L4R5QGI6STR, STM32MP131AAE3, STM32MP131AAF3, STM32MP131AAG3, STM32MP131CAE3, STM32MP131CAF3, STM32MP131CAG3, STM32MP131DAE7, STM32MP131DAF7, STM32MP131DAG7, STM32MP131FAE7, STM32MP131FAF7, STM32MP131FAG7, STM32MP133AAE3, STM32MP133AAF3, STM32MP133AAG3, STM32MP133CAE3, STM32MP133CAF3, STM32MP133CAG3, STM32MP133DAE7, STM32MP133DAF7, STM32MP133DAG7, STM32MP133FAE7, STM32MP133FAF7, STM32MP133FAG7, STM32MP135AAE3, STM32MP135AAF3, STM32MP135AAG3, STM32MP135CAE3, STM32MP135CAF3, STM32MP135CAG3, STM32MP135DAE7, STM32MP135DAF7, STM32MP135DAG7, STM32MP135F-DK, STM32MP135FAE7, STM32MP135FAF7, STM32MP135FAF7T, STM32MP135FAF7U, STM32MP135FAG7, STM32U535CBT6, STM32U535CBT6Q, STM32U535CBU6, STM32U535CBU6Q, STM32U535CCT6, STM32U535CCT6Q, STM32U535CCU6, STM32U535CCU6Q, STM32U535CET6, STM32U535CET6Q, STM32U535CEU6, STM32U535CEU6Q, STM32U535JEY6QTR, STM32U535NCY6QTR, STM32U535NEY6QTR, STM32U535RBI6, STM32U535RBI6Q, STM32U535RBT6, STM32U535RBT6Q, STM32U535RCI6, STM32U535RCI6Q, STM32U535RCT6, STM32U535RCT6Q, STM32U535REI6, STM32U535REI6Q, STM32U535RET6, STM32U535RET6Q, STM32U535VCI6, STM32U535VCI6Q, STM32U535VCT6, STM32U535VCT6Q, STM32U535VEI6, STM32U535VEI6Q, STM32U535VET6, STM32U535VET6Q, STM32U545CET6, STM32U545CET6Q, STM32U545CEU6, STM32U545CEU6Q, STM32U545JEY6QTR, STM32U545NEY6QTR, STM32U545REI6, STM32U545REI6Q, STM32U545RET6, STM32U545RET6Q, STM32U545VEI6, STM32U545VEI6Q, STM32U545VET6, STM32U545VET6Q, STM32U595AIH6, STM32U595AIH6Q, STM32U595AJH6, STM32U595AJH6Q, STM32U595QII6, STM32U595QII6Q, STM32U595QJI6, STM32U595QJI6Q, STM32U595RIT6, STM32U595RIT6Q, STM32U595RJT6, STM32U595RJT6Q, STM32U595VIT6, STM32U595VIT6Q, STM32U595VJT6, STM32U595VJT6Q, STM32U595ZIT6, STM32U595ZIT6Q, STM32U595ZIY6QTR, STM32U595ZJT6, STM32U595ZJT6Q, STM32U595ZJY6QTR, STM32U599BJY6QTR, STM32U599NIH6Q, STM32U599NJH6Q, STM32U599VIT6Q, STM32U599VJT6, STM32U599VJT6Q, STM32U599ZIT6Q, STM32U599ZIY6QTR, STM32U599ZJT6Q, STM32U599ZJY6QTR, STM32U5A5AJH6, STM32U5A5AJH6Q, STM32U5A5QJI6, STM32U5A5QJI6Q, STM32U5A5RJT6, STM32U5A5RJT6Q, STM32U5A5VJT6, STM32U5A5VJT6Q, STM32U5A5ZJT6, STM32U5A5ZJT6Q, STM32U5A5ZJY6QTR, STM32U5A9BJY6QTR, STM32U5A9J-DK, STM32U5A9NJH6Q, STM32U5A9VJT6Q, STM32U5A9ZJT6Q, STM32U5A9ZJY6QTR, STM32WB1MMCH6, STM32WBA52CEU6, STM32WBA52CEU6T, STM32WBA52CGU6, STM32WBA52CGU6T, STM32WL5MOCH6, STM32WL5MOCH6TR]
2023-07-10 15:30:39,063 [INFO] DbMcus:216 - Found 3775 MCUs, 3775 are supported
2023-07-10 15:30:39,065 [INFO] ApiDb:423 - Load user favorites file C:\Users\Luviewer/.stm32cubeide/favorites.mcus.txt: 0 item(s)
2023-07-10 15:30:39,065 [INFO] ApiDb:427 - User favorites MCUs=[]
2023-07-10 15:30:39,065 [INFO] DbMcus:222 - Set 0 / 0 favorites MCUs
2023-07-10 15:30:39,244 [INFO] ApiDb:423 - Load user favorites file C:\Users\Luviewer/.stm32cubeide/favorites.boards.txt: 0 item(s)
2023-07-10 15:30:39,244 [INFO] ApiDb:427 - User favorites Boards=[]
2023-07-10 15:30:39,244 [INFO] DbBoards:190 - Set 0 / 0 favorites Boards
2023-07-10 15:30:39,244 [INFO] McuFinderGlobals:66 - Set McuFinderConnectedMode to true
2023-07-10 15:30:39,250 [INFO] MultiScanPanel:200 - Auto-refresh data requested => check proxy status ongoing
2023-07-10 15:30:39,252 [INFO] FinderPluginLoader:95 - Searching for filters in installed packs
2023-07-10 15:30:40,454 [INFO] LoadUrlFilesThread:185 - End of LoadServerUrlFiles without Thread
2023-07-10 15:30:40,464 [INFO] DetailPanel:341 - Set advertising image to C:/Users/Luviewer/STM32Cube/Repository/\en.prom-stm32h5-mcu-finder.jpg
2023-07-10 15:30:51,952 [ERROR] LogOutputStream:75 - [STDERR_REDIRECT] SLF4J: Failed to load class "org.slf4j.impl.StaticLoggerBinder".
2023-07-10 15:30:51,952 [ERROR] LogOutputStream:75 - [STDERR_REDIRECT] SLF4J: Defaulting to no-operation (NOP) logger implementation
2023-07-10 15:30:51,954 [ERROR] LogOutputStream:75 - [STDERR_REDIRECT] SLF4J: See http://www.slf4j.org/codes.html#StaticLoggerBinder for further details.
2023-07-10 15:32:16,222 [INFO] MainUpdater:2854 - connection check result : 10
2023-07-10 15:32:16,222 [INFO] MainUpdater:2854 - connection check result : 10
2023-07-10 15:32:16,254 [INFO] MicroXplorer:468 - Change Database Path : 
2023-07-10 15:32:16,254 [INFO] MicroXplorer:498 - Change Database Version : DB.6.0.81
2023-07-10 15:32:16,255 [WARN] ThirdParty:871 - waiting for thirdparty lock release [close project]
2023-07-10 15:32:16,255 [INFO] ThirdParty:873 - entering critical section [close project]
2023-07-10 15:32:16,255 [INFO] ThirdParty:883 - exiting critical section [close project]
2023-07-10 15:32:16,258 [INFO] PinOutPanel:1499 - setPackage(No Configuration,No Configuration)
2023-07-10 15:32:16,263 [INFO] UtilMem:75 - Begin LoadConfig() Used Memory: 358173360 Bytes (405798912)
2023-07-10 15:32:16,264 [INFO] MicroXplorer:468 - Change Database Path : 
2023-07-10 15:32:16,264 [INFO] MicroXplorer:498 - Change Database Version : DB.6.0.81
2023-07-10 15:32:16,264 [INFO] OpenFileManager:308 - Change cursor
2023-07-10 15:32:16,415 [INFO] Mcu:1937 - Initializing MCU STM32F407IGHx STM32F407IGHx 
2023-07-10 15:32:16,415 [INFO] Mcu:1950 - No CPN specified => set CPN to STM32F407IGH6
2023-07-10 15:32:19,081 [INFO] Context:659 - Trying to add GPIOservice into a context  which must be forbidden
2023-07-10 15:32:19,905 [INFO] ImportTextPane:194 - (OptionalMessage_ERROR) Unable to find key (Mcu.ThirdPartyNb) in loaded IOC file
2023-07-10 15:32:19,905 [INFO] ImportTextPane:194 - (OptionalMessage_ERROR) Unable to find key (Mcu.PinsNb) in loaded IOC file
2023-07-10 15:32:19,905 [INFO] ImportTextPane:194 - (OptionalMessage_ERROR) Unable to find key (Mcu.IPNb) in loaded IOC file
2023-07-10 15:32:20,151 [INFO] RtosManager:555 - Registered RTOS mode: class=CMSIS, group=RTOS, mode=CMSIS_V1, owner=FREERTOS
2023-07-10 15:32:20,151 [INFO] RtosManager:555 - Registered RTOS mode: class=CMSIS, group=RTOS2, mode=CMSIS_V2, owner=FREERTOS
2023-07-10 15:32:20,152 [INFO] RtosManager:555 - Registered RTOS mode: class=RTOS, group=Core, mode=CMSIS_V1, owner=FREERTOS
2023-07-10 15:32:20,152 [INFO] RtosManager:555 - Registered RTOS mode: class=RTOS, group=Core, mode=CMSIS_V2, owner=FREERTOS
2023-07-10 15:32:20,152 [WARN] ModelIntegratedComponent:184 - Missing modes for component STMicroelectronics:FreeRTOS:0.0.1:STMicroelectronics:RTOS:FreeRTOS:Core:::10.2.0:
2023-07-10 15:32:20,162 [WARN] ModelIntegratedComponent:63 - No mode defined for component null
2023-07-10 15:32:20,162 [WARN] ModelIntegratedComponent:63 - No mode defined for component null
2023-07-10 15:32:20,162 [WARN] ModelIntegratedComponent:63 - No mode defined for component null
2023-07-10 15:32:20,162 [WARN] ModelIntegratedComponent:63 - No mode defined for component null
2023-07-10 15:32:20,162 [WARN] ModelIntegratedComponent:63 - No mode defined for component null
2023-07-10 15:32:20,162 [WARN] ModelIntegratedComponent:63 - No mode defined for component null
2023-07-10 15:32:20,162 [WARN] ModelIntegratedComponent:63 - No mode defined for component null
2023-07-10 15:32:20,162 [WARN] ModelIntegratedComponent:63 - No mode defined for component null
2023-07-10 15:32:20,162 [WARN] ModelIntegratedComponent:63 - No mode defined for component null
2023-07-10 15:32:20,162 [WARN] ModelIntegratedComponent:63 - No mode defined for component null
2023-07-10 15:32:20,162 [WARN] ModelIntegratedComponent:63 - No mode defined for component null
2023-07-10 15:32:20,162 [WARN] ModelIntegratedComponent:63 - No mode defined for component null
2023-07-10 15:32:20,162 [WARN] ModelIntegratedComponent:63 - No mode defined for component null
2023-07-10 15:32:20,162 [WARN] ModelIntegratedComponent:63 - No mode defined for component null
2023-07-10 15:32:20,163 [WARN] ModelIntegratedComponent:63 - No mode defined for component null
2023-07-10 15:32:20,163 [WARN] ModelIntegratedComponent:63 - No mode defined for component null
2023-07-10 15:32:20,163 [WARN] ModelIntegratedComponent:63 - No mode defined for component null
2023-07-10 15:32:20,163 [WARN] ModelIntegratedComponent:63 - No mode defined for component null
2023-07-10 15:32:20,163 [WARN] ModelIntegratedComponent:63 - No mode defined for component null
2023-07-10 15:32:20,163 [WARN] ModelIntegratedComponent:63 - No mode defined for component null
2023-07-10 15:32:20,163 [WARN] ModelIntegratedComponent:63 - No mode defined for component null
2023-07-10 15:32:20,163 [WARN] ModelIntegratedComponent:63 - No mode defined for component null
2023-07-10 15:32:20,163 [WARN] ModelIntegratedComponent:63 - No mode defined for component null
2023-07-10 15:32:20,163 [WARN] ModelIntegratedComponent:63 - No mode defined for component null
2023-07-10 15:32:20,163 [WARN] ModelIntegratedComponent:63 - No mode defined for component null
2023-07-10 15:32:20,163 [WARN] ModelIntegratedComponent:63 - No mode defined for component null
2023-07-10 15:32:20,163 [WARN] ModelIntegratedComponent:63 - No mode defined for component null
2023-07-10 15:32:20,163 [WARN] ModelIntegratedComponent:63 - No mode defined for component null
2023-07-10 15:32:20,163 [WARN] ModelIntegratedComponent:63 - No mode defined for component null
2023-07-10 15:32:20,163 [WARN] ModelIntegratedComponent:63 - No mode defined for component null
2023-07-10 15:32:20,163 [WARN] ModelIntegratedComponent:63 - No mode defined for component null
2023-07-10 15:32:20,163 [WARN] ModelIntegratedComponent:63 - No mode defined for component null
2023-07-10 15:32:20,163 [WARN] ModelIntegratedComponent:63 - No mode defined for component null
2023-07-10 15:32:20,178 [INFO] ThirdPartyModel:298 - Start build external matchings
2023-07-10 15:32:20,624 [INFO] ThirdPartyModel:316 - End build external matchings
2023-07-10 15:32:21,055 [INFO] UtilMem:75 - End LoadConfig() Used Memory: 464455072 Bytes (585105408)
2023-07-10 15:32:21,084 [WARN] ThirdParty:833 - waiting for thirdparty lock release [change project]
2023-07-10 15:32:21,084 [INFO] ThirdParty:835 - entering critical section [change project]
2023-07-10 15:32:21,084 [INFO] ThirdParty:1030 - CMSIS Pack Vendor :STMicroelectronics X-CUBE-ISPU 1.1.0
2023-07-10 15:32:21,084 [INFO] ThirdParty:1030 - CMSIS Pack Vendor :STMicroelectronics X-CUBE-GNSS1 6.0.0
2023-07-10 15:32:21,084 [INFO] ThirdParty:1030 - CMSIS Pack Vendor :STMicroelectronics USB_HOST 2.0.0
2023-07-10 15:32:21,084 [INFO] ThirdParty:1030 - CMSIS Pack Vendor :STMicroelectronics X-CUBE-AZRTOS-F4 1.1.0
2023-07-10 15:32:21,084 [INFO] ThirdParty:1030 - CMSIS Pack Vendor :STMicroelectronics LIBJPEG 8.0.0
2023-07-10 15:32:21,084 [INFO] ThirdParty:1030 - CMSIS Pack Vendor :STMicroelectronics X-CUBE-SMBUS 2.1.0
2023-07-10 15:32:21,085 [INFO] ThirdParty:1030 - CMSIS Pack Vendor :wolfSSL I-CUBE-wolfSSL 5.6.0
2023-07-10 15:32:21,085 [INFO] ThirdParty:1030 - CMSIS Pack Vendor :STMicroelectronics USB_DEVICE 3.0.0
2023-07-10 15:32:21,085 [INFO] ThirdParty:1030 - CMSIS Pack Vendor :STMicroelectronics X-CUBE-FREERTOS 1.0.1
2023-07-10 15:32:21,085 [INFO] ThirdParty:1030 - CMSIS Pack Vendor :STMicroelectronics X-CUBE-AZRTOS-F7 1.1.0
2023-07-10 15:32:21,085 [INFO] ThirdParty:1030 - CMSIS Pack Vendor :STMicroelectronics USB_DEVICE 2.0.0
2023-07-10 15:32:21,085 [INFO] ThirdParty:1030 - CMSIS Pack Vendor :STMicroelectronics X-CUBE-MEMS1 9.6.0
2023-07-10 15:32:21,085 [INFO] ThirdParty:1030 - CMSIS Pack Vendor :STMicroelectronics FP-SNS-MOTENV1 4.3.2
2023-07-10 15:32:21,085 [INFO] ThirdParty:1030 - CMSIS Pack Vendor :STMicroelectronics FP-SNS-FLIGHT1 5.0.1
2023-07-10 15:32:21,085 [INFO] ThirdParty:1030 - CMSIS Pack Vendor :STMicroelectronics X-CUBE-ALGOBUILD 1.3.0
2023-07-10 15:32:21,085 [INFO] ThirdParty:1030 - CMSIS Pack Vendor :STMicroelectronics X-CUBE-BLE1 6.2.4
2023-07-10 15:32:21,085 [INFO] ThirdParty:1030 - CMSIS Pack Vendor :STMicroelectronics X-CUBE-AZRTOS-L5 1.1.0
2023-07-10 15:32:21,085 [INFO] ThirdParty:1030 - CMSIS Pack Vendor :STMicroelectronics FreeRTOS 0.0.1
2023-07-10 15:32:21,085 [INFO] ThirdParty:1030 - CMSIS Pack Vendor :STMicroelectronics X-CUBE-AZRTOS-G0 1.1.0
2023-07-10 15:32:21,085 [INFO] ThirdParty:1030 - CMSIS Pack Vendor :emotas I-CUBE-CANOPEN 1.1.3
2023-07-10 15:32:21,085 [INFO] ThirdParty:1030 - CMSIS Pack Vendor :STMicroelectronics X-CUBE-BLEMGR 2.0.0
2023-07-10 15:32:21,085 [INFO] ThirdParty:1030 - CMSIS Pack Vendor :STMicroelectronics X-CUBE-AI 8.0.1
2023-07-10 15:32:21,085 [INFO] ThirdParty:1030 - CMSIS Pack Vendor :STMicroelectronics X-CUBE-NFC4 3.0.0
2023-07-10 15:32:21,085 [INFO] ThirdParty:1030 - CMSIS Pack Vendor :STMicroelectronics X-CUBE-SUBG2 5.0.0
2023-07-10 15:32:21,086 [INFO] ThirdParty:1030 - CMSIS Pack Vendor :STMicroelectronics STM32_WPAN 1.0.0
2023-07-10 15:32:21,086 [INFO] ThirdParty:1030 - CMSIS Pack Vendor :STMicroelectronics lwIP 2.0.3
2023-07-10 15:32:21,086 [INFO] ThirdParty:1030 - CMSIS Pack Vendor :STMicroelectronics USB_HOST 1.0.0
2023-07-10 15:32:21,086 [INFO] ThirdParty:1030 - CMSIS Pack Vendor :STMicroelectronics X-CUBE-AZRTOS-G4 2.0.0
2023-07-10 15:32:21,086 [INFO] ThirdParty:1030 - CMSIS Pack Vendor :STMicroelectronics PDM2PCM 3.1.0
2023-07-10 15:32:21,086 [INFO] ThirdParty:1030 - CMSIS Pack Vendor :STMicroelectronics X-CUBE-AZRTOS-H7 3.1.0
2023-07-10 15:32:21,086 [INFO] ThirdParty:1030 - CMSIS Pack Vendor :STMicroelectronics X-CUBE-TOF1 3.3.0
2023-07-10 15:32:21,086 [INFO] ThirdParty:1030 - CMSIS Pack Vendor :STMicroelectronics PDM2PCM 3.3.0
2023-07-10 15:32:21,086 [INFO] ThirdParty:1030 - CMSIS Pack Vendor :STMicroelectronics X-CUBE-DISPLAY 3.0.0
2023-07-10 15:32:21,086 [INFO] ThirdParty:1030 - CMSIS Pack Vendor :STMicroelectronics FP-ATR-SIGFOX1 3.2.0
2023-07-10 15:32:21,086 [INFO] ThirdParty:1030 - CMSIS Pack Vendor :STMicroelectronics HAL Drivers 0.0.0
2023-07-10 15:32:21,086 [INFO] ThirdParty:1030 - CMSIS Pack Vendor :STMicroelectronics MBEDTLS 2.16.2
2023-07-10 15:32:21,086 [INFO] ThirdParty:1030 - CMSIS Pack Vendor :STMicroelectronics X-CUBE-TOUCHGFX 4.22.0
2023-07-10 15:32:21,086 [INFO] ThirdParty:1030 - CMSIS Pack Vendor :STMicroelectronics X-CUBE-NFC7 1.0.1
2023-07-10 15:32:21,086 [INFO] ThirdParty:1030 - CMSIS Pack Vendor :STMicroelectronics MBEDTLS 2.14.1
2023-07-10 15:32:21,086 [INFO] ThirdParty:1030 - CMSIS Pack Vendor :STMicroelectronics X-CUBE-EEPRMA1 4.1.0
2023-07-10 15:32:21,087 [INFO] ThirdParty:1030 - CMSIS Pack Vendor :portGmbH I-Cube-SoM-uGOAL 1.1.0
2023-07-10 15:32:21,087 [INFO] ThirdParty:1030 - CMSIS Pack Vendor :STMicroelectronics X-CUBE-ALS 1.0.1
2023-07-10 15:32:21,088 [INFO] ThirdParty:1030 - CMSIS Pack Vendor :STMicroelectronics ThreadX 1.0.0
2023-07-10 15:32:21,088 [INFO] ThirdParty:1030 - CMSIS Pack Vendor :STMicroelectronics X-CUBE-AZRTOS-WB 1.1.0
2023-07-10 15:32:21,088 [INFO] ThirdParty:1030 - CMSIS Pack Vendor :STMicroelectronics X-CUBE-AZRTOS-WL 2.0.0
2023-07-10 15:32:21,088 [INFO] ThirdParty:1030 - CMSIS Pack Vendor :SEGGER I-CUBE-embOS 1.3.1
2023-07-10 15:32:21,088 [INFO] ThirdParty:1030 - CMSIS Pack Vendor :STMicroelectronics USB_DEVICE 1.0.0
2023-07-10 15:32:21,088 [INFO] ThirdParty:1030 - CMSIS Pack Vendor :STMicroelectronics X-CUBE-AZRTOS-L4 2.0.0
2023-07-10 15:32:21,088 [INFO] ThirdParty:1030 - CMSIS Pack Vendor :STMicroelectronics ThreadX 0.0.2
2023-07-10 15:32:21,088 [INFO] ThirdParty:1030 - CMSIS Pack Vendor :WES I-CUBE-Cesium 1.3.0
2023-07-10 15:32:21,088 [INFO] ThirdParty:1030 - CMSIS Pack Vendor :STMicroelectronics FP-ATR-ASTRA1 2.0.0
2023-07-10 15:32:21,088 [INFO] ThirdParty:1030 - CMSIS Pack Vendor :STMicroelectronics lwIP 2.1.2
2023-07-10 15:32:21,088 [INFO] ThirdParty:1030 - CMSIS Pack Vendor :STMicroelectronics X-CUBE-SFXS2LP1 4.0.0
2023-07-10 15:32:21,088 [INFO] ThirdParty:1030 - CMSIS Pack Vendor :STMicroelectronics X-CUBE-BLE2 3.3.0
2023-07-10 15:32:21,088 [INFO] ThirdParty:1030 - CMSIS Pack Vendor :STMicroelectronics PDM2PCM 3.2.0
2023-07-10 15:32:21,089 [INFO] ThirdParty:841 - exiting critical section [change project]
2023-07-10 15:32:21,559 [INFO] PinOutPanel:1499 - setPackage(No Configuration,No Configuration)
2023-07-10 15:32:21,561 [INFO] PinOutPanel:1499 - setPackage(STM32F407IGHx,UFBGA176)
2023-07-10 15:32:22,054 [INFO] UtilMem:75 - Before build in PCC Used Memory: 472072424 Bytes (585105408)
2023-07-10 15:32:22,739 [INFO] UtilMem:75 - After build in PCC Used Memory: 443034752 Bytes (585105408)
2023-07-10 15:32:22,783 [INFO] IPUIPlugin:80 - create IPUIPlugin
2023-07-10 15:32:22,784 [INFO] IPUIPlugin:80 - create IPUIPlugin
2023-07-10 15:32:22,784 [INFO] IPUIPlugin:80 - create IPUIPlugin
2023-07-10 15:32:22,784 [INFO] IPUIPlugin:80 - create IPUIPlugin
2023-07-10 15:32:22,784 [INFO] IPUIPlugin:80 - create IPUIPlugin
2023-07-10 15:32:22,784 [INFO] IPUIPlugin:80 - create IPUIPlugin
2023-07-10 15:32:22,785 [INFO] IPUIPlugin:80 - create IPUIPlugin
2023-07-10 15:32:22,785 [INFO] IPUIPlugin:80 - create IPUIPlugin
2023-07-10 15:32:22,785 [INFO] IPUIPlugin:80 - create IPUIPlugin
2023-07-10 15:32:22,785 [INFO] IPUIPlugin:80 - create IPUIPlugin
2023-07-10 15:32:22,786 [INFO] IPUIPlugin:80 - create IPUIPlugin
2023-07-10 15:32:22,786 [INFO] IPUIPlugin:80 - create IPUIPlugin
2023-07-10 15:32:22,786 [INFO] IPUIPlugin:80 - create IPUIPlugin
2023-07-10 15:32:22,786 [INFO] IPUIPlugin:80 - create IPUIPlugin
2023-07-10 15:32:22,786 [INFO] IPUIPlugin:80 - create IPUIPlugin
2023-07-10 15:32:22,786 [INFO] IPUIPlugin:80 - create IPUIPlugin
2023-07-10 15:32:22,787 [INFO] IPUIPlugin:80 - create IPUIPlugin
2023-07-10 15:32:22,787 [INFO] IPUIPlugin:80 - create IPUIPlugin
2023-07-10 15:32:22,787 [INFO] IPUIPlugin:80 - create IPUIPlugin
2023-07-10 15:32:22,787 [INFO] IPUIPlugin:80 - create IPUIPlugin
2023-07-10 15:32:22,788 [INFO] IPUIPlugin:80 - create IPUIPlugin
2023-07-10 15:32:22,788 [INFO] IPUIPlugin:80 - create IPUIPlugin
2023-07-10 15:32:22,788 [INFO] IPUIPlugin:80 - create IPUIPlugin
2023-07-10 15:32:22,789 [INFO] IPUIPlugin:80 - create IPUIPlugin
2023-07-10 15:32:22,789 [INFO] IPUIPlugin:80 - create IPUIPlugin
2023-07-10 15:32:22,789 [INFO] IPUIPlugin:80 - create IPUIPlugin
2023-07-10 15:32:22,790 [INFO] IPUIPlugin:80 - create IPUIPlugin
2023-07-10 15:32:22,790 [INFO] IPUIPlugin:80 - create IPUIPlugin
2023-07-10 15:32:22,790 [INFO] IPUIPlugin:80 - create IPUIPlugin
2023-07-10 15:32:22,791 [INFO] IPUIPlugin:80 - create IPUIPlugin
2023-07-10 15:32:22,791 [INFO] IPUIPlugin:80 - create IPUIPlugin
2023-07-10 15:32:22,791 [INFO] IPUIPlugin:80 - create IPUIPlugin
2023-07-10 15:32:22,792 [INFO] IPUIPlugin:80 - create IPUIPlugin
2023-07-10 15:32:22,792 [INFO] IPUIPlugin:80 - create IPUIPlugin
2023-07-10 15:32:22,792 [INFO] IPUIPlugin:80 - create IPUIPlugin
2023-07-10 15:32:22,793 [INFO] IPUIPlugin:80 - create IPUIPlugin
2023-07-10 15:32:22,793 [INFO] IPUIPlugin:80 - create IPUIPlugin
2023-07-10 15:32:22,794 [INFO] IPUIPlugin:80 - create IPUIPlugin
2023-07-10 15:32:22,794 [INFO] IPUIPlugin:80 - create IPUIPlugin
2023-07-10 15:32:22,794 [INFO] IPUIPlugin:80 - create IPUIPlugin
2023-07-10 15:32:22,795 [INFO] IPUIPlugin:80 - create IPUIPlugin
2023-07-10 15:32:22,795 [INFO] IPUIPlugin:80 - create IPUIPlugin
2023-07-10 15:32:22,795 [INFO] IPUIPlugin:80 - create IPUIPlugin
2023-07-10 15:32:22,796 [INFO] IPUIPlugin:80 - create IPUIPlugin
2023-07-10 15:32:22,796 [INFO] IPUIPlugin:80 - create IPUIPlugin
2023-07-10 15:32:22,797 [INFO] IPUIPlugin:80 - create IPUIPlugin
2023-07-10 15:32:22,797 [INFO] IPUIPlugin:80 - create IPUIPlugin
2023-07-10 15:32:22,797 [INFO] IPUIPlugin:80 - create IPUIPlugin
2023-07-10 15:32:22,798 [INFO] IPUIPlugin:80 - create IPUIPlugin
2023-07-10 15:32:22,798 [INFO] IPUIPlugin:80 - create IPUIPlugin
2023-07-10 15:32:22,799 [INFO] IPUIPlugin:80 - create IPUIPlugin
2023-07-10 15:32:22,800 [INFO] IPUIPlugin:80 - create IPUIPlugin
2023-07-10 15:32:22,800 [INFO] IPUIPlugin:80 - create IPUIPlugin
2023-07-10 15:32:22,801 [INFO] IPUIPlugin:80 - create IPUIPlugin
2023-07-10 15:32:22,802 [INFO] IPUIPlugin:80 - create IPUIPlugin
2023-07-10 15:32:22,802 [INFO] IPUIPlugin:80 - create IPUIPlugin
2023-07-10 15:32:22,803 [INFO] IPUIPlugin:80 - create IPUIPlugin
2023-07-10 15:32:22,803 [INFO] IPUIPlugin:80 - create IPUIPlugin
2023-07-10 15:32:22,892 [INFO] ApiDbMcu:507 - Load IP Config File for PDM2PCM
2023-07-10 15:32:23,121 [INFO] CADModel:165 - CPN selected for project levelSTM32F407IGH6
2023-07-10 15:32:23,121 [INFO] CADModel:114 - Register for checkConnection events
2023-07-10 15:32:23,179 [INFO] OpenFileManager:328 - Restore cursor
2023-07-10 15:32:23,675 [INFO] UtilMem:75 - End SaveConfig() Used Memory: 420204296 Bytes (585105408)
2023-07-10 15:32:23,755 [INFO] UtilMem:75 - End SaveConfig() Used Memory: 439653344 Bytes (585105408)
2023-07-10 15:32:24,270 [INFO] BlockDiagram:2759 - set Specific Code input for plugin: RCC
2023-07-10 15:32:24,270 [INFO] BlockDiagram:2759 - set Specific Code input for plugin: NVIC
2023-07-10 15:32:24,272 [INFO] CodeGenerator:793 - code generatio: config db path: C:\ST\STM32CubeIDE_1.12.1\STM32CubeIDE\plugins\com.st.stm32cube.common.mx_6.8.1.202304191431\\db\
2023-07-10 15:32:24,735 [INFO] CodeEngine:255 - oldGeneratedFile, D:\GitRepo\balanceCopter-STM32\balanceCopter-STM32\MXTmpFiles\license.tmp_save
2023-07-10 15:32:25,154 [INFO] CodeEngine:279 - Generated code: D:\GitRepo\balanceCopter-STM32\balanceCopter-STM32\MXTmpFiles\license.tmp
2023-07-10 15:32:25,186 [INFO] CodeEngine:255 - oldGeneratedFile, D:\GitRepo\balanceCopter-STM32\balanceCopter-STM32\Core\Src\stm32f4xx_it.c_save
2023-07-10 15:32:25,350 [INFO] CodeEngine:279 - Generated code: D:\GitRepo\balanceCopter-STM32\balanceCopter-STM32\Core\Src\stm32f4xx_it.c
2023-07-10 15:32:25,360 [INFO] CodeEngine:255 - oldGeneratedFile, D:\GitRepo\balanceCopter-STM32\balanceCopter-STM32\Core\Inc\stm32f4xx_it.h_save
2023-07-10 15:32:25,442 [INFO] CodeEngine:279 - Generated code: D:\GitRepo\balanceCopter-STM32\balanceCopter-STM32\Core\Inc\stm32f4xx_it.h
2023-07-10 15:32:25,560 [INFO] CodeEngine:255 - oldGeneratedFile, D:\GitRepo\balanceCopter-STM32\balanceCopter-STM32\Core\Src\stm32f4xx_hal_msp.c_save
2023-07-10 15:32:25,770 [INFO] CodeEngine:279 - Generated code: D:\GitRepo\balanceCopter-STM32\balanceCopter-STM32\Core\Src\stm32f4xx_hal_msp.c
2023-07-10 15:32:25,781 [INFO] CodeEngine:255 - oldGeneratedFile, D:\GitRepo\balanceCopter-STM32\balanceCopter-STM32\MXTmpFiles\system.tmp_save
2023-07-10 15:32:25,889 [INFO] CodeEngine:279 - Generated code: D:\GitRepo\balanceCopter-STM32\balanceCopter-STM32\MXTmpFiles\system.tmp
2023-07-10 15:32:25,907 [INFO] CodeEngine:311 - oldGeneratedFile, D:\GitRepo\balanceCopter-STM32\balanceCopter-STM32\Core\Inc\stm32f4xx_hal_conf.h_save
2023-07-10 15:32:26,062 [INFO] CodeEngine:335 - Generated code: D:\GitRepo\balanceCopter-STM32\balanceCopter-STM32\Core\Inc\stm32f4xx_hal_conf.h
2023-07-10 15:32:26,138 [INFO] CodeEngine:255 - oldGeneratedFile, D:\GitRepo\balanceCopter-STM32\balanceCopter-STM32\Core\Inc\main.h_save
2023-07-10 15:32:26,247 [INFO] CodeEngine:279 - Generated code: D:\GitRepo\balanceCopter-STM32\balanceCopter-STM32\Core\Inc\main.h
2023-07-10 15:32:26,259 [INFO] CodeEngine:255 - oldGeneratedFile, D:\GitRepo\balanceCopter-STM32\balanceCopter-STM32\Core\Src\main.c_save
2023-07-10 15:32:26,384 [INFO] CodeEngine:279 - Generated code: D:\GitRepo\balanceCopter-STM32\balanceCopter-STM32\Core\Src\main.c
2023-07-10 15:32:27,365 [INFO] ProjectBuilder:2996 - Time for Copy HAL[1] : 186mS.
2023-07-10 15:32:27,375 [INFO] ProjectBuilder:4304 - Project Generator version: 3.19.2
2023-07-10 15:32:27,699 [INFO] ConfigFileManager:1483 - The Die is : DIE413
2023-07-10 15:32:27,719 [INFO] ApiDbMcu:507 - Load IP Config File for FATFS
2023-07-10 15:32:27,734 [INFO] ApiDbMcu:507 - Load IP Config File for FREERTOS
2023-07-10 15:32:27,775 [INFO] ApiDbMcu:507 - Load IP Config File for LIBJPEG
2023-07-10 15:32:27,788 [INFO] ApiDbMcu:507 - Load IP Config File for LWIP
2023-07-10 15:32:27,802 [INFO] ApiDbMcu:507 - Load IP Config File for MBEDTLS
2023-07-10 15:32:27,819 [INFO] ApiDbMcu:507 - Load IP Config File for USB_DEVICE
2023-07-10 15:32:27,832 [INFO] ApiDbMcu:507 - Load IP Config File for USB_HOST
2023-07-10 15:32:29,127 [INFO] LogOutputStream:77 - [STDOUT_REDIRECT] 
2023-07-10 15:32:33,999 [INFO] ProjectBuilder:4505 - Time for Generating toolchain IDE Files: 6623mS.
2023-07-10 15:32:34,000 [INFO] ProjectBuilder:2867 - Time for Copy CMSIS : 1mS.
2023-07-10 15:32:34,004 [INFO] ProjectBuilder:2867 - Time for Copy CMSIS : 0mS.
2023-07-10 15:32:35,548 [INFO] McuFinderGlobals:66 - Set McuFinderConnectedMode to true
2023-07-10 15:32:35,551 [INFO] ApiDb:448 - Save user favorites file C:\Users\Luviewer/.stm32cubeide/favorites.mcus.txt: 0 item(s)
2023-07-10 15:32:35,551 [INFO] ApiDb:452 - User favorites MCUs=[]
2023-07-10 15:32:46,385 [INFO] Can:71 - Can Add PropertyChangeListener com.st.microxplorer.plugins.ip.can.Can@296da766
2023-07-10 15:32:49,258 [INFO] Can:71 - Can Add PropertyChangeListener com.st.microxplorer.plugins.ip.can.Can@5b9cb94b
2023-07-10 15:34:24,037 [INFO] NvicIntPanel:101 - NVIC parent = com.st.microxplorer.plugins.ip.nvic.MultiNvicIntPanel[,0,0,0x0,invalid,layout=javax.swing.BoxLayout,alignmentX=0.0,alignmentY=0.0,border=,flags=9,maximumSize=,minimumSize=,preferredSize=]
2023-07-10 15:34:24,107 [INFO] NvicIntPanel:101 - NVIC parent = com.st.microxplorer.plugins.ip.nvic.MultiNvicIntPanel[,0,0,0x0,invalid,layout=javax.swing.BoxLayout,alignmentX=0.0,alignmentY=0.0,border=,flags=9,maximumSize=,minimumSize=,preferredSize=]
2023-07-10 15:34:26,405 [INFO] NvicIntPanel:101 - NVIC parent = com.st.microxplorer.plugins.ip.nvic.MultiNvicIntPanel[,0,0,0x0,invalid,layout=javax.swing.BoxLayout,alignmentX=0.0,alignmentY=0.0,border=,flags=9,maximumSize=,minimumSize=,preferredSize=]
2023-07-10 15:34:27,729 [INFO] NvicIntPanel:101 - NVIC parent = com.st.microxplorer.plugins.ip.nvic.MultiNvicIntPanel[,0,0,0x0,invalid,layout=javax.swing.BoxLayout,alignmentX=0.0,alignmentY=0.0,border=,flags=9,maximumSize=,minimumSize=,preferredSize=]
2023-07-10 15:34:33,836 [INFO] NvicIntPanel:101 - NVIC parent = com.st.microxplorer.plugins.ip.nvic.MultiNvicIntPanel[,0,0,0x0,invalid,layout=javax.swing.BoxLayout,alignmentX=0.0,alignmentY=0.0,border=,flags=9,maximumSize=,minimumSize=,preferredSize=]
2023-07-10 15:34:35,180 [INFO] NvicIntPanel:101 - NVIC parent = com.st.microxplorer.plugins.ip.nvic.MultiNvicIntPanel[,0,0,0x0,invalid,layout=javax.swing.BoxLayout,alignmentX=0.0,alignmentY=0.0,border=,flags=9,maximumSize=,minimumSize=,preferredSize=]
2023-07-10 15:34:46,718 [INFO] NvicIntPanel:101 - NVIC parent = com.st.microxplorer.plugins.ip.nvic.MultiNvicIntPanel[,0,0,0x0,invalid,layout=javax.swing.BoxLayout,alignmentX=0.0,alignmentY=0.0,border=,flags=9,maximumSize=,minimumSize=,preferredSize=]
2023-07-10 15:34:46,784 [INFO] NvicIntPanel:101 - NVIC parent = com.st.microxplorer.plugins.ip.nvic.MultiNvicIntPanel[,0,0,0x0,invalid,layout=javax.swing.BoxLayout,alignmentX=0.0,alignmentY=0.0,border=,flags=9,maximumSize=,minimumSize=,preferredSize=]
2023-07-10 15:34:48,563 [INFO] NvicIntPanel:101 - NVIC parent = com.st.microxplorer.plugins.ip.nvic.MultiNvicIntPanel[,0,0,0x0,invalid,layout=javax.swing.BoxLayout,alignmentX=0.0,alignmentY=0.0,border=,flags=9,maximumSize=,minimumSize=,preferredSize=]
2023-07-10 15:34:48,627 [INFO] NvicIntPanel:101 - NVIC parent = com.st.microxplorer.plugins.ip.nvic.MultiNvicIntPanel[,0,0,0x0,invalid,layout=javax.swing.BoxLayout,alignmentX=0.0,alignmentY=0.0,border=,flags=9,maximumSize=,minimumSize=,preferredSize=]
2023-07-10 15:34:50,533 [INFO] NvicIntPanel:101 - NVIC parent = com.st.microxplorer.plugins.ip.nvic.MultiNvicIntPanel[,0,0,0x0,invalid,layout=javax.swing.BoxLayout,alignmentX=0.0,alignmentY=0.0,border=,flags=9,maximumSize=,minimumSize=,preferredSize=]
2023-07-10 15:34:50,594 [INFO] NvicIntPanel:101 - NVIC parent = com.st.microxplorer.plugins.ip.nvic.MultiNvicIntPanel[,0,0,0x0,invalid,layout=javax.swing.BoxLayout,alignmentX=0.0,alignmentY=0.0,border=,flags=9,maximumSize=,minimumSize=,preferredSize=]
2023-07-10 15:35:09,292 [INFO] NvicIntPanel:101 - NVIC parent = com.st.microxplorer.plugins.ip.nvic.MultiNvicIntPanel[,0,0,0x0,invalid,layout=javax.swing.BoxLayout,alignmentX=0.0,alignmentY=0.0,border=,flags=9,maximumSize=,minimumSize=,preferredSize=]
2023-07-10 15:35:18,726 [INFO] UtilMem:75 - End SaveConfig() Used Memory: 512389608 Bytes (861929472)
2023-07-10 15:35:28,005 [INFO] NvicIntPanel:101 - NVIC parent = com.st.microxplorer.plugins.ip.nvic.MultiNvicIntPanel[,0,0,0x0,invalid,layout=javax.swing.BoxLayout,alignmentX=0.0,alignmentY=0.0,border=,flags=9,maximumSize=,minimumSize=,preferredSize=]
2023-07-10 15:35:28,067 [INFO] NvicIntPanel:101 - NVIC parent = com.st.microxplorer.plugins.ip.nvic.MultiNvicIntPanel[,0,0,0x0,invalid,layout=javax.swing.BoxLayout,alignmentX=0.0,alignmentY=0.0,border=,flags=9,maximumSize=,minimumSize=,preferredSize=]
2023-07-10 15:35:29,854 [INFO] NvicIntPanel:101 - NVIC parent = com.st.microxplorer.plugins.ip.nvic.MultiNvicIntPanel[,0,0,0x0,invalid,layout=javax.swing.BoxLayout,alignmentX=0.0,alignmentY=0.0,border=,flags=9,maximumSize=,minimumSize=,preferredSize=]
2023-07-10 15:35:29,915 [INFO] NvicIntPanel:101 - NVIC parent = com.st.microxplorer.plugins.ip.nvic.MultiNvicIntPanel[,0,0,0x0,invalid,layout=javax.swing.BoxLayout,alignmentX=0.0,alignmentY=0.0,border=,flags=9,maximumSize=,minimumSize=,preferredSize=]
2023-07-10 15:35:31,801 [INFO] NvicIntPanel:101 - NVIC parent = com.st.microxplorer.plugins.ip.nvic.MultiNvicIntPanel[,0,0,0x0,invalid,layout=javax.swing.BoxLayout,alignmentX=0.0,alignmentY=0.0,border=,flags=9,maximumSize=,minimumSize=,preferredSize=]
2023-07-10 15:35:31,860 [INFO] NvicIntPanel:101 - NVIC parent = com.st.microxplorer.plugins.ip.nvic.MultiNvicIntPanel[,0,0,0x0,invalid,layout=javax.swing.BoxLayout,alignmentX=0.0,alignmentY=0.0,border=,flags=9,maximumSize=,minimumSize=,preferredSize=]
2023-07-10 15:35:35,323 [INFO] NvicIntPanel:101 - NVIC parent = com.st.microxplorer.plugins.ip.nvic.MultiNvicIntPanel[,0,0,0x0,invalid,layout=javax.swing.BoxLayout,alignmentX=0.0,alignmentY=0.0,border=,flags=9,maximumSize=,minimumSize=,preferredSize=]
2023-07-10 15:35:46,851 [INFO] UtilMem:75 - End SaveConfig() Used Memory: 499821744 Bytes (861929472)
2023-07-10 15:35:48,877 [INFO] UtilMem:75 - End SaveConfig() Used Memory: 530230448 Bytes (861929472)
2023-07-10 15:35:53,388 [INFO] UtilMem:75 - End SaveConfig() Used Memory: 516498160 Bytes (861929472)
2023-07-10 15:35:53,725 [INFO] BlockDiagram:2759 - set Specific Code input for plugin: CAN
2023-07-10 15:35:53,725 [INFO] BlockDiagram:2759 - set Specific Code input for plugin: CAN
2023-07-10 15:35:53,725 [INFO] BlockDiagram:2759 - set Specific Code input for plugin: RCC
2023-07-10 15:35:53,725 [INFO] BlockDiagram:2759 - set Specific Code input for plugin: NVIC
2023-07-10 15:35:53,726 [INFO] BlockDiagram:2759 - set Specific Code input for plugin: GPIO
2023-07-10 15:35:53,727 [INFO] CodeGenerator:793 - code generatio: config db path: C:\ST\STM32CubeIDE_1.12.1\STM32CubeIDE\plugins\com.st.stm32cube.common.mx_6.8.1.202304191431\\db\
2023-07-10 15:35:53,947 [INFO] CodeEngine:255 - oldGeneratedFile, D:\GitRepo\balanceCopter-STM32\balanceCopter-STM32\MXTmpFiles\license.tmp_save
2023-07-10 15:35:54,110 [INFO] CodeEngine:279 - Generated code: D:\GitRepo\balanceCopter-STM32\balanceCopter-STM32\MXTmpFiles\license.tmp
2023-07-10 15:35:54,170 [INFO] CodeEngine:255 - oldGeneratedFile, D:\GitRepo\balanceCopter-STM32\balanceCopter-STM32\MXTmpFiles\gpio.tmp_save
2023-07-10 15:35:54,299 [INFO] CodeEngine:279 - Generated code: D:\GitRepo\balanceCopter-STM32\balanceCopter-STM32\MXTmpFiles\gpio.tmp
2023-07-10 15:35:54,368 [INFO] CodeEngine:255 - oldGeneratedFile, D:\GitRepo\balanceCopter-STM32\balanceCopter-STM32\Core\Src\stm32f4xx_it.c_save
2023-07-10 15:35:54,522 [INFO] CodeEngine:279 - Generated code: D:\GitRepo\balanceCopter-STM32\balanceCopter-STM32\Core\Src\stm32f4xx_it.c
2023-07-10 15:35:54,535 [INFO] CodeEngine:255 - oldGeneratedFile, D:\GitRepo\balanceCopter-STM32\balanceCopter-STM32\Core\Inc\stm32f4xx_it.h_save
2023-07-10 15:35:54,605 [INFO] CodeEngine:279 - Generated code: D:\GitRepo\balanceCopter-STM32\balanceCopter-STM32\Core\Inc\stm32f4xx_it.h
2023-07-10 15:35:54,628 [INFO] CodeEngine:255 - oldGeneratedFile, D:\GitRepo\balanceCopter-STM32\balanceCopter-STM32\Core\Src\stm32f4xx_hal_msp.c_save
2023-07-10 15:35:54,748 [INFO] CodeEngine:279 - Generated code: D:\GitRepo\balanceCopter-STM32\balanceCopter-STM32\Core\Src\stm32f4xx_hal_msp.c
2023-07-10 15:35:54,752 [INFO] CodeEngine:255 - oldGeneratedFile, D:\GitRepo\balanceCopter-STM32\balanceCopter-STM32\MXTmpFiles\system.tmp_save
2023-07-10 15:35:54,820 [INFO] CodeEngine:279 - Generated code: D:\GitRepo\balanceCopter-STM32\balanceCopter-STM32\MXTmpFiles\system.tmp
2023-07-10 15:35:54,834 [INFO] CodeEngine:311 - oldGeneratedFile, D:\GitRepo\balanceCopter-STM32\balanceCopter-STM32\Core\Inc\stm32f4xx_hal_conf.h_save
2023-07-10 15:35:54,926 [INFO] CodeEngine:335 - Generated code: D:\GitRepo\balanceCopter-STM32\balanceCopter-STM32\Core\Inc\stm32f4xx_hal_conf.h
2023-07-10 15:35:54,970 [INFO] CodeEngine:255 - oldGeneratedFile, D:\GitRepo\balanceCopter-STM32\balanceCopter-STM32\Core\Inc\main.h_save
2023-07-10 15:35:55,065 [INFO] CodeEngine:279 - Generated code: D:\GitRepo\balanceCopter-STM32\balanceCopter-STM32\Core\Inc\main.h
2023-07-10 15:35:55,079 [INFO] CodeEngine:255 - oldGeneratedFile, D:\GitRepo\balanceCopter-STM32\balanceCopter-STM32\Core\Src\main.c_save
2023-07-10 15:35:55,189 [INFO] CodeEngine:279 - Generated code: D:\GitRepo\balanceCopter-STM32\balanceCopter-STM32\Core\Src\main.c
2023-07-10 15:35:56,042 [INFO] ProjectBuilder:2996 - Time for Copy HAL[1] : 149mS.
2023-07-10 15:35:56,046 [INFO] ProjectBuilder:4304 - Project Generator version: 3.19.2
2023-07-10 15:35:56,377 [INFO] ConfigFileManager:1483 - The Die is : DIE413
2023-07-10 15:35:58,199 [INFO] ProjectBuilder:4505 - Time for Generating toolchain IDE Files: 2153mS.
2023-07-10 15:35:58,200 [INFO] ProjectBuilder:2867 - Time for Copy CMSIS : 1mS.
2023-07-10 15:35:58,203 [INFO] ProjectBuilder:2867 - Time for Copy CMSIS : 0mS.
2023-07-10 15:36:35,549 [INFO] UtilMem:75 - End SaveConfig() Used Memory: 628433104 Bytes (883949568)
2023-07-10 15:36:36,856 [INFO] UtilMem:75 - End SaveConfig() Used Memory: 656409576 Bytes (883949568)
2023-07-10 15:36:38,068 [INFO] UtilMem:75 - End SaveConfig() Used Memory: 697639128 Bytes (883949568)
2023-07-10 15:36:38,408 [INFO] BlockDiagram:2759 - set Specific Code input for plugin: CAN
2023-07-10 15:36:38,408 [INFO] BlockDiagram:2759 - set Specific Code input for plugin: CAN
2023-07-10 15:36:38,408 [INFO] BlockDiagram:2759 - set Specific Code input for plugin: RCC
2023-07-10 15:36:38,408 [INFO] BlockDiagram:2759 - set Specific Code input for plugin: NVIC
2023-07-10 15:36:38,409 [INFO] BlockDiagram:2759 - set Specific Code input for plugin: GPIO
2023-07-10 15:36:38,410 [INFO] CodeGenerator:793 - code generatio: config db path: C:\ST\STM32CubeIDE_1.12.1\STM32CubeIDE\plugins\com.st.stm32cube.common.mx_6.8.1.202304191431\\db\
2023-07-10 15:36:38,692 [INFO] CodeEngine:255 - oldGeneratedFile, D:\GitRepo\balanceCopter-STM32\balanceCopter-STM32\MXTmpFiles\license.tmp_save
2023-07-10 15:36:38,824 [INFO] CodeEngine:279 - Generated code: D:\GitRepo\balanceCopter-STM32\balanceCopter-STM32\MXTmpFiles\license.tmp
2023-07-10 15:36:38,860 [INFO] CodeEngine:255 - oldGeneratedFile, D:\GitRepo\balanceCopter-STM32\balanceCopter-STM32\Core\Src\gpio.c_save
2023-07-10 15:36:38,987 [INFO] CodeEngine:279 - Generated code: D:\GitRepo\balanceCopter-STM32\balanceCopter-STM32\Core\Src\gpio.c
2023-07-10 15:36:38,998 [INFO] CodeEngine:255 - oldGeneratedFile, D:\GitRepo\balanceCopter-STM32\balanceCopter-STM32\Core\Inc\gpio.h_save
2023-07-10 15:36:39,094 [INFO] CodeEngine:279 - Generated code: D:\GitRepo\balanceCopter-STM32\balanceCopter-STM32\Core\Inc\gpio.h
2023-07-10 15:36:39,133 [INFO] CodeEngine:255 - oldGeneratedFile, D:\GitRepo\balanceCopter-STM32\balanceCopter-STM32\Core\Src\can.c_save
2023-07-10 15:36:39,247 [INFO] CodeEngine:279 - Generated code: D:\GitRepo\balanceCopter-STM32\balanceCopter-STM32\Core\Src\can.c
2023-07-10 15:36:39,256 [INFO] CodeEngine:255 - oldGeneratedFile, D:\GitRepo\balanceCopter-STM32\balanceCopter-STM32\Core\Inc\can.h_save
2023-07-10 15:36:39,329 [INFO] CodeEngine:279 - Generated code: D:\GitRepo\balanceCopter-STM32\balanceCopter-STM32\Core\Inc\can.h
2023-07-10 15:36:39,344 [INFO] CodeEngine:255 - oldGeneratedFile, D:\GitRepo\balanceCopter-STM32\balanceCopter-STM32\Core\Src\stm32f4xx_it.c_save
2023-07-10 15:36:39,454 [INFO] CodeEngine:279 - Generated code: D:\GitRepo\balanceCopter-STM32\balanceCopter-STM32\Core\Src\stm32f4xx_it.c
2023-07-10 15:36:39,465 [INFO] CodeEngine:255 - oldGeneratedFile, D:\GitRepo\balanceCopter-STM32\balanceCopter-STM32\Core\Inc\stm32f4xx_it.h_save
2023-07-10 15:36:39,529 [INFO] CodeEngine:279 - Generated code: D:\GitRepo\balanceCopter-STM32\balanceCopter-STM32\Core\Inc\stm32f4xx_it.h
2023-07-10 15:36:39,549 [INFO] CodeEngine:255 - oldGeneratedFile, D:\GitRepo\balanceCopter-STM32\balanceCopter-STM32\Core\Src\stm32f4xx_hal_msp.c_save
2023-07-10 15:36:39,643 [INFO] CodeEngine:279 - Generated code: D:\GitRepo\balanceCopter-STM32\balanceCopter-STM32\Core\Src\stm32f4xx_hal_msp.c
2023-07-10 15:36:39,647 [INFO] CodeEngine:255 - oldGeneratedFile, D:\GitRepo\balanceCopter-STM32\balanceCopter-STM32\MXTmpFiles\system.tmp_save
2023-07-10 15:36:39,723 [INFO] CodeEngine:279 - Generated code: D:\GitRepo\balanceCopter-STM32\balanceCopter-STM32\MXTmpFiles\system.tmp
2023-07-10 15:36:39,739 [INFO] CodeEngine:311 - oldGeneratedFile, D:\GitRepo\balanceCopter-STM32\balanceCopter-STM32\Core\Inc\stm32f4xx_hal_conf.h_save
2023-07-10 15:36:39,835 [INFO] CodeEngine:335 - Generated code: D:\GitRepo\balanceCopter-STM32\balanceCopter-STM32\Core\Inc\stm32f4xx_hal_conf.h
2023-07-10 15:36:39,872 [INFO] CodeEngine:255 - oldGeneratedFile, D:\GitRepo\balanceCopter-STM32\balanceCopter-STM32\Core\Inc\main.h_save
2023-07-10 15:36:39,955 [INFO] CodeEngine:279 - Generated code: D:\GitRepo\balanceCopter-STM32\balanceCopter-STM32\Core\Inc\main.h
2023-07-10 15:36:39,967 [INFO] CodeEngine:255 - oldGeneratedFile, D:\GitRepo\balanceCopter-STM32\balanceCopter-STM32\Core\Src\main.c_save
2023-07-10 15:36:40,059 [INFO] CodeEngine:279 - Generated code: D:\GitRepo\balanceCopter-STM32\balanceCopter-STM32\Core\Src\main.c
2023-07-10 15:36:40,851 [INFO] ProjectBuilder:2996 - Time for Copy HAL[1] : 178mS.
2023-07-10 15:36:40,856 [INFO] ProjectBuilder:4304 - Project Generator version: 3.19.2
2023-07-10 15:36:41,220 [INFO] ConfigFileManager:1483 - The Die is : DIE413
2023-07-10 15:36:42,601 [INFO] ProjectBuilder:4505 - Time for Generating toolchain IDE Files: 1745mS.
2023-07-10 15:36:42,602 [INFO] ProjectBuilder:2867 - Time for Copy CMSIS : 1mS.
2023-07-10 15:36:42,605 [INFO] ProjectBuilder:2867 - Time for Copy CMSIS : 0mS.
